<?xml version="1.0" encoding="UTF-8"?>
<coverage generated="1668133278184" clover="3.2.0">
  <project timestamp="1668133278184" name="All files">
    <metrics statements="513" coveredstatements="462" conditionals="338" coveredconditionals="289" methods="64" coveredmethods="59" elements="915" coveredelements="810" complexity="0" loc="513" ncloc="513" packages="4" files="18" classes="18"/>
    <package name="abc-notation-transposition">
      <metrics statements="6" coveredstatements="6" conditionals="0" coveredconditionals="0" methods="0" coveredmethods="0"/>
      <file name="index.js" path="C:\Users\Owner\Desktop\code\npm-packages\abc-notation-transposition\index.js">
        <metrics statements="6" coveredstatements="6" conditionals="0" coveredconditionals="0" methods="0" coveredmethods="0"/>
        <line num="1" count="7" type="stmt"/>
        <line num="2" count="7" type="stmt"/>
        <line num="4" count="7" type="stmt"/>
        <line num="5" count="7" type="stmt"/>
        <line num="6" count="7" type="stmt"/>
        <line num="7" count="7" type="stmt"/>
      </file>
    </package>
    <package name="abc-notation-transposition.classes">
      <metrics statements="24" coveredstatements="24" conditionals="10" coveredconditionals="10" methods="6" coveredmethods="6"/>
      <file name="ImproperlyFormattedABCNotationError.js" path="C:\Users\Owner\Desktop\code\npm-packages\abc-notation-transposition\classes\ImproperlyFormattedABCNotationError.js">
        <metrics statements="5" coveredstatements="5" conditionals="1" coveredconditionals="1" methods="1" coveredmethods="1"/>
        <line num="3" count="6" type="stmt"/>
        <line num="5" count="6" type="cond" truecount="1" falsecount="0"/>
        <line num="6" count="6" type="stmt"/>
        <line num="8" count="6" type="stmt"/>
        <line num="13" count="25" type="stmt"/>
      </file>
      <file name="SimpleCircularArray.js" path="C:\Users\Owner\Desktop\code\npm-packages\abc-notation-transposition\classes\SimpleCircularArray.js">
        <metrics statements="15" coveredstatements="15" conditionals="9" coveredconditionals="9" methods="5" coveredmethods="5"/>
        <line num="5" count="90" type="stmt"/>
        <line num="9" count="2411" type="cond" truecount="2" falsecount="0"/>
        <line num="12" count="2410" type="cond" truecount="2" falsecount="0"/>
        <line num="13" count="905" type="stmt"/>
        <line num="15" count="2410" type="stmt"/>
        <line num="16" count="538" type="stmt"/>
        <line num="18" count="2410" type="stmt"/>
        <line num="22" count="37" type="stmt"/>
        <line num="26" count="406" type="stmt"/>
        <line num="27" count="1803" type="cond" truecount="2" falsecount="0"/>
        <line num="29" count="3" type="stmt"/>
        <line num="33" count="39" type="stmt"/>
        <line num="34" count="140" type="cond" truecount="2" falsecount="0"/>
        <line num="36" count="3" type="stmt"/>
        <line num="40" count="26" type="stmt"/>
      </file>
      <file name="index.js" path="C:\Users\Owner\Desktop\code\npm-packages\abc-notation-transposition\classes\index.js">
        <metrics statements="4" coveredstatements="4" conditionals="0" coveredconditionals="0" methods="0" coveredmethods="0"/>
        <line num="1" count="25" type="stmt"/>
        <line num="2" count="25" type="stmt"/>
        <line num="4" count="25" type="stmt"/>
        <line num="5" count="25" type="stmt"/>
      </file>
    </package>
    <package name="abc-notation-transposition.constants">
      <metrics statements="34" coveredstatements="34" conditionals="0" coveredconditionals="0" methods="0" coveredmethods="0"/>
      <file name="error-messages.js" path="C:\Users\Owner\Desktop\code\npm-packages\abc-notation-transposition\constants\error-messages.js">
        <metrics statements="6" coveredstatements="6" conditionals="0" coveredconditionals="0" methods="0" coveredmethods="0"/>
        <line num="2" count="25" type="stmt"/>
        <line num="5" count="25" type="stmt"/>
        <line num="8" count="25" type="stmt"/>
        <line num="15" count="25" type="stmt"/>
        <line num="18" count="25" type="stmt"/>
        <line num="25" count="25" type="stmt"/>
      </file>
      <file name="index.js" path="C:\Users\Owner\Desktop\code\npm-packages\abc-notation-transposition\constants\index.js">
        <metrics statements="15" coveredstatements="15" conditionals="0" coveredconditionals="0" methods="0" coveredmethods="0"/>
        <line num="1" count="25" type="stmt"/>
        <line num="2" count="25" type="stmt"/>
        <line num="3" count="25" type="stmt"/>
        <line num="4" count="25" type="stmt"/>
        <line num="5" count="25" type="stmt"/>
        <line num="6" count="25" type="stmt"/>
        <line num="8" count="25" type="stmt"/>
        <line num="9" count="25" type="stmt"/>
        <line num="10" count="25" type="stmt"/>
        <line num="11" count="25" type="stmt"/>
        <line num="12" count="25" type="stmt"/>
        <line num="13" count="25" type="stmt"/>
        <line num="14" count="25" type="stmt"/>
        <line num="15" count="25" type="stmt"/>
        <line num="16" count="25" type="stmt"/>
      </file>
      <file name="intervals.js" path="C:\Users\Owner\Desktop\code\npm-packages\abc-notation-transposition\constants\intervals.js">
        <metrics statements="1" coveredstatements="1" conditionals="0" coveredconditionals="0" methods="0" coveredmethods="0"/>
        <line num="1" count="25" type="stmt"/>
      </file>
      <file name="keys.js" path="C:\Users\Owner\Desktop\code\npm-packages\abc-notation-transposition\constants\keys.js">
        <metrics statements="3" coveredstatements="3" conditionals="0" coveredconditionals="0" methods="0" coveredmethods="0"/>
        <line num="1" count="25" type="stmt"/>
        <line num="2" count="25" type="stmt"/>
        <line num="5" count="25" type="stmt"/>
      </file>
      <file name="pitches.js" path="C:\Users\Owner\Desktop\code\npm-packages\abc-notation-transposition\constants\pitches.js">
        <metrics statements="3" coveredstatements="3" conditionals="0" coveredconditionals="0" methods="0" coveredmethods="0"/>
        <line num="1" count="25" type="stmt"/>
        <line num="3" count="25" type="stmt"/>
        <line num="5" count="25" type="stmt"/>
      </file>
      <file name="preferences.js" path="C:\Users\Owner\Desktop\code\npm-packages\abc-notation-transposition\constants\preferences.js">
        <metrics statements="4" coveredstatements="4" conditionals="0" coveredconditionals="0" methods="0" coveredmethods="0"/>
        <line num="1" count="25" type="stmt"/>
        <line num="6" count="25" type="stmt"/>
        <line num="12" count="25" type="stmt"/>
        <line num="19" count="25" type="stmt"/>
      </file>
      <file name="regular-expressions.js" path="C:\Users\Owner\Desktop\code\npm-packages\abc-notation-transposition\constants\regular-expressions.js">
        <metrics statements="2" coveredstatements="2" conditionals="0" coveredconditionals="0" methods="0" coveredmethods="0"/>
        <line num="2" count="25" type="stmt"/>
        <line num="22" count="25" type="stmt"/>
      </file>
    </package>
    <package name="abc-notation-transposition.functions">
      <metrics statements="449" coveredstatements="398" conditionals="328" coveredconditionals="279" methods="58" coveredmethods="53"/>
      <file name="index.js" path="C:\Users\Owner\Desktop\code\npm-packages\abc-notation-transposition\functions\index.js">
        <metrics statements="1" coveredstatements="1" conditionals="0" coveredconditionals="0" methods="0" coveredmethods="0"/>
        <line num="1" count="7" type="stmt"/>
      </file>
      <file name="string-utils.js" path="C:\Users\Owner\Desktop\code\npm-packages\abc-notation-transposition\functions\string-utils.js">
        <metrics statements="10" coveredstatements="10" conditionals="4" coveredconditionals="4" methods="3" coveredmethods="3"/>
        <line num="1" count="32" type="stmt"/>
        <line num="2" count="221" type="stmt"/>
        <line num="5" count="32" type="stmt"/>
        <line num="6" count="664" type="stmt"/>
        <line num="9" count="32" type="stmt"/>
        <line num="10" count="17" type="cond" truecount="2" falsecount="0"/>
        <line num="11" count="2" type="stmt"/>
        <line num="13" count="17" type="cond" truecount="2" falsecount="0"/>
        <line num="14" count="2" type="stmt"/>
        <line num="16" count="17" type="stmt"/>
      </file>
      <file name="tranpose-pitch-chromatically.js" path="C:\Users\Owner\Desktop\code\npm-packages\abc-notation-transposition\functions\tranpose-pitch-chromatically.js">
        <metrics statements="25" coveredstatements="25" conditionals="13" coveredconditionals="13" methods="5" coveredmethods="5"/>
        <line num="1" count="22" type="stmt"/>
        <line num="2" count="22" type="stmt"/>
        <line num="4" count="22" type="stmt"/>
        <line num="5" count="44" type="stmt"/>
        <line num="6" count="44" type="stmt"/>
        <line num="7" count="44" type="cond" truecount="2" falsecount="0"/>
        <line num="8" count="22" type="stmt"/>
        <line num="9" count="44" type="stmt"/>
        <line num="10" count="44" type="stmt"/>
        <line num="11" count="272" type="stmt"/>
        <line num="13" count="44" type="stmt"/>
        <line num="19" count="77" type="stmt"/>
        <line num="20" count="44" type="cond" truecount="2" falsecount="0"/>
        <line num="21" count="19" type="cond" truecount="5" falsecount="0"/>
        <line num="22" count="22" type="stmt"/>
        <line num="24" count="44" type="stmt"/>
        <line num="25" count="44" type="stmt"/>
        <line num="26" count="44" type="stmt"/>
        <line num="27" count="44" type="cond" truecount="2" falsecount="0"/>
        <line num="28" count="21" type="stmt"/>
        <line num="29" count="21" type="stmt"/>
        <line num="30" count="23" type="stmt"/>
        <line num="31" count="44" type="stmt"/>
        <line num="32" count="44" type="cond" truecount="2" falsecount="0"/>
        <line num="33" count="44" type="stmt"/>
      </file>
      <file name="transpose-abc.js" path="C:\Users\Owner\Desktop\code\npm-packages\abc-notation-transposition\functions\transpose-abc.js">
        <metrics statements="190" coveredstatements="190" conditionals="135" coveredconditionals="135" methods="27" coveredmethods="27"/>
        <line num="7" count="21" type="stmt"/>
        <line num="8" count="21" type="stmt"/>
        <line num="9" count="21" type="stmt"/>
        <line num="10" count="21" type="stmt"/>
        <line num="11" count="21" type="stmt"/>
        <line num="12" count="21" type="stmt"/>
        <line num="14" count="21" type="cond" truecount="1" falsecount="0"/>
        <line num="18" count="12" type="stmt"/>
        <line num="20" count="12" type="stmt"/>
        <line num="21" count="12" type="stmt"/>
        <line num="24" count="12" type="stmt"/>
        <line num="26" count="12" type="stmt"/>
        <line num="31" count="12" type="cond" truecount="2" falsecount="0"/>
        <line num="32" count="12" type="stmt"/>
        <line num="35" count="12" type="stmt"/>
        <line num="37" count="12" type="stmt"/>
        <line num="38" count="12" type="stmt"/>
        <line num="39" count="12" type="stmt"/>
        <line num="40" count="13" type="stmt"/>
        <line num="41" count="13" type="stmt"/>
        <line num="42" count="27" type="stmt"/>
        <line num="45" count="12" type="stmt"/>
        <line num="46" count="15" type="stmt"/>
        <line num="48" count="12" type="stmt"/>
        <line num="49" count="27" type="cond" truecount="2" falsecount="0"/>
        <line num="51" count="13" type="stmt"/>
        <line num="52" count="13" type="stmt"/>
        <line num="54" count="12" type="stmt"/>
        <line num="55" count="12" type="stmt"/>
        <line num="56" count="12" type="cond" truecount="2" falsecount="0"/>
        <line num="57" count="1" type="stmt"/>
        <line num="59" count="11" type="stmt"/>
        <line num="61" count="12" type="stmt"/>
        <line num="62" count="12" type="stmt"/>
        <line num="63" count="12" type="stmt"/>
        <line num="67" count="22" type="cond" truecount="2" falsecount="0"/>
        <line num="68" count="20" type="cond" truecount="2" falsecount="0"/>
        <line num="69" count="19" type="cond" truecount="2" falsecount="0"/>
        <line num="71" count="18" type="cond" truecount="2" falsecount="0"/>
        <line num="73" count="17" type="cond" truecount="4" falsecount="0"/>
        <line num="74" count="1" type="stmt"/>
        <line num="76" count="16" type="cond" truecount="2" falsecount="0"/>
        <line num="79" count="1" type="stmt"/>
        <line num="81" count="15" type="cond" truecount="2" falsecount="0"/>
        <line num="82" count="15" type="cond" truecount="2" falsecount="0"/>
        <line num="84" count="15" type="cond" truecount="4" falsecount="0"/>
        <line num="85" count="1" type="stmt"/>
        <line num="88" count="14" type="cond" truecount="2" falsecount="0"/>
        <line num="93" count="1" type="stmt"/>
        <line num="94" count="13" type="stmt"/>
        <line num="98" count="15" type="stmt"/>
        <line num="99" count="15" type="cond" truecount="4" falsecount="0"/>
        <line num="100" count="2" type="stmt"/>
        <line num="102" count="13" type="stmt"/>
        <line num="103" count="13" type="stmt"/>
        <line num="104" count="13" type="stmt"/>
        <line num="106" count="13" type="stmt"/>
        <line num="110" count="31" type="stmt"/>
        <line num="111" count="31" type="stmt"/>
        <line num="112" count="31" type="cond" truecount="2" falsecount="0"/>
        <line num="113" count="28" type="stmt"/>
        <line num="114" count="28" type="cond" truecount="5" falsecount="0"/>
        <line num="116" count="23" type="stmt"/>
        <line num="118" count="23" type="stmt"/>
        <line num="119" count="23" type="cond" truecount="4" falsecount="0"/>
        <line num="120" count="5" type="stmt"/>
        <line num="124" count="31" type="stmt"/>
        <line num="131" count="40" type="cond" truecount="6" falsecount="0"/>
        <line num="132" count="6" type="stmt"/>
        <line num="135" count="34" type="stmt"/>
        <line num="136" count="34" type="stmt"/>
        <line num="137" count="34" type="cond" truecount="2" falsecount="0"/>
        <line num="138" count="2" type="stmt"/>
        <line num="139" count="32" type="cond" truecount="2" falsecount="0"/>
        <line num="140" count="2" type="stmt"/>
        <line num="141" count="30" type="cond" truecount="2" falsecount="0"/>
        <line num="142" count="2" type="stmt"/>
        <line num="143" count="28" type="cond" truecount="2" falsecount="0"/>
        <line num="144" count="2" type="stmt"/>
        <line num="145" count="26" type="cond" truecount="2" falsecount="0"/>
        <line num="146" count="5" type="stmt"/>
        <line num="147" count="21" type="cond" truecount="2" falsecount="0"/>
        <line num="148" count="2" type="stmt"/>
        <line num="149" count="19" type="cond" truecount="2" falsecount="0"/>
        <line num="150" count="2" type="stmt"/>
        <line num="152" count="34" type="stmt"/>
        <line num="153" count="109" type="stmt"/>
        <line num="154" count="128" type="stmt"/>
        <line num="157" count="34" type="cond" truecount="2" falsecount="0"/>
        <line num="158" count="35" type="stmt"/>
        <line num="159" count="33" type="stmt"/>
        <line num="163" count="38" type="stmt"/>
        <line num="164" count="38" type="cond" truecount="2" falsecount="0"/>
        <line num="166" count="15" type="stmt"/>
        <line num="167" count="15" type="stmt"/>
        <line num="172" count="15" type="stmt"/>
        <line num="173" count="15" type="cond" truecount="2" falsecount="0"/>
        <line num="175" count="2" type="stmt"/>
        <line num="176" count="2" type="stmt"/>
        <line num="177" count="3" type="stmt"/>
        <line num="178" count="3" type="stmt"/>
        <line num="179" count="3" type="cond" truecount="4" falsecount="0"/>
        <line num="180" count="2" type="stmt"/>
        <line num="183" count="2" type="stmt"/>
        <line num="188" count="20" type="stmt"/>
        <line num="189" count="20" type="cond" truecount="2" falsecount="0"/>
        <line num="190" count="4" type="stmt"/>
        <line num="194" count="14" type="stmt"/>
        <line num="195" count="14" type="stmt"/>
        <line num="196" count="14" type="stmt"/>
        <line num="197" count="14" type="stmt"/>
        <line num="198" count="30" type="cond" truecount="2" falsecount="0"/>
        <line num="199" count="6" type="stmt"/>
        <line num="200" count="28" type="stmt"/>
        <line num="202" count="14" type="stmt"/>
        <line num="203" count="14" type="stmt"/>
        <line num="204" count="34" type="stmt"/>
        <line num="205" count="34" type="stmt"/>
        <line num="206" count="34" type="cond" truecount="2" falsecount="0"/>
        <line num="207" count="34" type="cond" truecount="2" falsecount="0"/>
        <line num="208" count="34" type="stmt"/>
        <line num="213" count="14" type="stmt"/>
        <line num="217" count="40" type="stmt"/>
        <line num="218" count="40" type="cond" truecount="2" falsecount="0"/>
        <line num="219" count="8" type="stmt"/>
        <line num="220" count="8" type="stmt"/>
        <line num="221" count="8" type="stmt"/>
        <line num="226" count="13" type="stmt"/>
        <line num="227" count="13" type="stmt"/>
        <line num="229" count="16" type="stmt"/>
        <line num="238" count="16" type="stmt"/>
        <line num="240" count="16" type="stmt"/>
        <line num="241" count="39" type="stmt"/>
        <line num="242" count="39" type="stmt"/>
        <line num="243" count="39" type="stmt"/>
        <line num="249" count="13" type="stmt"/>
        <line num="254" count="79" type="cond" truecount="6" falsecount="0"/>
        <line num="255" count="20" type="stmt"/>
        <line num="256" count="20" type="stmt"/>
        <line num="259" count="59" type="stmt"/>
        <line num="260" count="59" type="stmt"/>
        <line num="268" count="56" type="cond" truecount="2" falsecount="0"/>
        <line num="269" count="41" type="cond" truecount="4" falsecount="0"/>
        <line num="271" count="38" type="stmt"/>
        <line num="272" count="292" type="cond" truecount="2" falsecount="0"/>
        <line num="273" count="3" type="stmt"/>
        <line num="274" count="289" type="cond" truecount="2" falsecount="0"/>
        <line num="275" count="13" type="cond" truecount="4" falsecount="0"/>
        <line num="276" count="7" type="stmt"/>
        <line num="277" count="7" type="stmt"/>
        <line num="278" count="6" type="cond" truecount="4" falsecount="0"/>
        <line num="279" count="5" type="stmt"/>
        <line num="280" count="5" type="stmt"/>
        <line num="281" count="1" type="stmt"/>
        <line num="282" count="276" type="cond" truecount="2" falsecount="0"/>
        <line num="283" count="55" type="stmt"/>
        <line num="284" count="55" type="stmt"/>
        <line num="285" count="221" type="cond" truecount="5" falsecount="0"/>
        <line num="286" count="44" type="stmt"/>
        <line num="287" count="177" type="cond" truecount="4" falsecount="0"/>
        <line num="288" count="36" type="stmt"/>
        <line num="290" count="141" type="stmt"/>
        <line num="296" count="14" type="stmt"/>
        <line num="297" count="14" type="cond" truecount="2" falsecount="0"/>
        <line num="298" count="6" type="stmt"/>
        <line num="303" count="7" type="stmt"/>
        <line num="304" count="7" type="stmt"/>
        <line num="305" count="7" type="stmt"/>
        <line num="306" count="7" type="stmt"/>
        <line num="307" count="7" type="stmt"/>
        <line num="310" count="7" type="cond" truecount="2" falsecount="0"/>
        <line num="311" count="6" type="stmt"/>
        <line num="313" count="7" type="stmt"/>
        <line num="314" count="7" type="cond" truecount="2" falsecount="0"/>
        <line num="315" count="7" type="stmt"/>
        <line num="318" count="21" type="stmt"/>
        <line num="319" count="21" type="stmt"/>
        <line num="320" count="21" type="stmt"/>
        <line num="321" count="21" type="stmt"/>
        <line num="322" count="21" type="stmt"/>
        <line num="323" count="21" type="stmt"/>
        <line num="324" count="21" type="stmt"/>
        <line num="325" count="21" type="stmt"/>
        <line num="326" count="21" type="stmt"/>
        <line num="327" count="21" type="stmt"/>
        <line num="328" count="21" type="stmt"/>
        <line num="329" count="21" type="stmt"/>
        <line num="330" count="21" type="stmt"/>
        <line num="331" count="21" type="stmt"/>
        <line num="332" count="21" type="stmt"/>
      </file>
      <file name="transpose-key.js" path="C:\Users\Owner\Desktop\code\npm-packages\abc-notation-transposition\functions\transpose-key.js">
        <metrics statements="56" coveredstatements="47" conditionals="57" coveredconditionals="45" methods="4" coveredmethods="4"/>
        <line num="7" count="22" type="stmt"/>
        <line num="8" count="22" type="stmt"/>
        <line num="11" count="22" type="stmt"/>
        <line num="13" count="75" type="cond" truecount="6" falsecount="0"/>
        <line num="15" count="71" type="stmt"/>
        <line num="16" count="71" type="stmt"/>
        <line num="17" count="71" type="cond" truecount="2" falsecount="0"/>
        <line num="18" count="1" type="stmt"/>
        <line num="19" count="70" type="cond" truecount="2" falsecount="0"/>
        <line num="20" count="1" type="stmt"/>
        <line num="21" count="69" type="cond" truecount="2" falsecount="0"/>
        <line num="22" count="1" type="stmt"/>
        <line num="23" count="68" type="cond" truecount="2" falsecount="0"/>
        <line num="24" count="1" type="stmt"/>
        <line num="25" count="67" type="cond" truecount="2" falsecount="0"/>
        <line num="26" count="3" type="stmt"/>
        <line num="27" count="64" type="cond" truecount="2" falsecount="0"/>
        <line num="28" count="1" type="stmt"/>
        <line num="29" count="63" type="cond" truecount="2" falsecount="0"/>
        <line num="30" count="1" type="stmt"/>
        <line num="32" count="71" type="stmt"/>
        <line num="33" count="379" type="stmt"/>
        <line num="34" count="455" type="stmt"/>
        <line num="37" count="71" type="stmt"/>
        <line num="38" count="77" type="stmt"/>
        <line num="40" count="71" type="stmt"/>
        <line num="43" count="71" type="cond" truecount="2" falsecount="0"/>
        <line num="44" count="38" type="stmt"/>
        <line num="47" count="33" type="cond" truecount="2" falsecount="0"/>
        <line num="48" count="15" type="cond" truecount="2" falsecount="0"/>
        <line num="49" count="5" type="stmt"/>
        <line num="51" count="10" type="cond" truecount="2" falsecount="0"/>
        <line num="52" count="2" type="stmt"/>
        <line num="54" count="8" type="cond" truecount="5" falsecount="0"/>
        <line num="57" count="4" type="stmt"/>
        <line num="60" count="4" type="stmt"/>
        <line num="64" count="18" type="cond" truecount="2" falsecount="0"/>
        <line num="65" count="15" type="cond" truecount="5" falsecount="0"/>
        <line num="68" count="6" type="cond" truecount="1" falsecount="1"/>
        <line num="69" count="6" type="stmt"/>
        <line num="70" count="0" type="stmt"/>
        <line num="73" count="9" type="cond" truecount="1" falsecount="1"/>
        <line num="74" count="0" type="stmt"/>
        <line num="75" count="9" type="stmt"/>
        <line num="78" count="3" type="cond" truecount="2" falsecount="0"/>
        <line num="79" count="1" type="stmt"/>
        <line num="81" count="2" type="cond" truecount="1" falsecount="1"/>
        <line num="82" count="2" type="stmt"/>
        <line num="84" count="0" type="cond" truecount="0" falsecount="5"/>
        <line num="87" count="0" type="cond" truecount="0" falsecount="2"/>
        <line num="88" count="0" type="stmt"/>
        <line num="89" count="0" type="stmt"/>
        <line num="92" count="0" type="cond" truecount="0" falsecount="2"/>
        <line num="93" count="0" type="stmt"/>
        <line num="94" count="0" type="stmt"/>
        <line num="97" count="71" type="stmt"/>
      </file>
      <file name="transpose-pitch-by-key.js" path="C:\Users\Owner\Desktop\code\npm-packages\abc-notation-transposition\functions\transpose-pitch-by-key.js">
        <metrics statements="105" coveredstatements="63" conditionals="75" coveredconditionals="38" methods="12" coveredmethods="7"/>
        <line num="1" count="22" type="stmt"/>
        <line num="8" count="22" type="stmt"/>
        <line num="10" count="22" type="stmt"/>
        <line num="15" count="143" type="stmt"/>
        <line num="17" count="143" type="stmt"/>
        <line num="18" count="143" type="stmt"/>
        <line num="19" count="143" type="stmt"/>
        <line num="21" count="143" type="stmt"/>
        <line num="23" count="143" type="stmt"/>
        <line num="25" count="143" type="stmt"/>
        <line num="27" count="143" type="cond" truecount="2" falsecount="0"/>
        <line num="29" count="9" type="stmt"/>
        <line num="31" count="143" type="stmt"/>
        <line num="32" count="143" type="stmt"/>
        <line num="34" count="143" type="stmt"/>
        <line num="35" count="143" type="cond" truecount="2" falsecount="0"/>
        <line num="36" count="143" type="stmt"/>
        <line num="41" count="143" type="cond" truecount="3" falsecount="1"/>
        <line num="42" count="0" type="stmt"/>
        <line num="44" count="143" type="stmt"/>
        <line num="45" count="529" type="stmt"/>
        <line num="46" count="143" type="stmt"/>
        <line num="47" count="143" type="stmt"/>
        <line num="48" count="1001" type="stmt"/>
        <line num="50" count="143" type="stmt"/>
        <line num="56" count="143" type="cond" truecount="4" falsecount="1"/>
        <line num="57" count="0" type="stmt"/>
        <line num="59" count="143" type="cond" truecount="1" falsecount="1"/>
        <line num="60" count="143" type="stmt"/>
        <line num="61" count="602" type="stmt"/>
        <line num="62" count="143" type="stmt"/>
        <line num="63" count="143" type="stmt"/>
        <line num="64" count="1001" type="stmt"/>
        <line num="66" count="143" type="stmt"/>
        <line num="73" count="143" type="cond" truecount="1" falsecount="1"/>
        <line num="74" count="143" type="cond" truecount="1" falsecount="1"/>
        <line num="75" count="143" type="stmt"/>
        <line num="76" count="143" type="cond" truecount="1" falsecount="1"/>
        <line num="77" count="143" type="cond" truecount="3" falsecount="0"/>
        <line num="79" count="108" type="cond" truecount="3" falsecount="2"/>
        <line num="81" count="0" type="stmt"/>
        <line num="83" count="4" type="stmt"/>
        <line num="85" count="100" type="stmt"/>
        <line num="87" count="4" type="stmt"/>
        <line num="89" count="0" type="stmt"/>
        <line num="92" count="22" type="cond" truecount="2" falsecount="3"/>
        <line num="94" count="0" type="stmt"/>
        <line num="96" count="21" type="stmt"/>
        <line num="98" count="1" type="stmt"/>
        <line num="100" count="0" type="stmt"/>
        <line num="102" count="0" type="stmt"/>
        <line num="105" count="13" type="cond" truecount="1" falsecount="4"/>
        <line num="107" count="0" type="stmt"/>
        <line num="109" count="0" type="stmt"/>
        <line num="111" count="0" type="stmt"/>
        <line num="113" count="13" type="stmt"/>
        <line num="115" count="0" type="stmt"/>
        <line num="122" count="143" type="stmt"/>
        <line num="123" count="143" type="stmt"/>
        <line num="125" count="143" type="cond" truecount="2" falsecount="0"/>
        <line num="126" count="9" type="cond" truecount="2" falsecount="0"/>
        <line num="127" count="5" type="cond" truecount="2" falsecount="0"/>
        <line num="128" count="4" type="cond" truecount="2" falsecount="0"/>
        <line num="129" count="2" type="stmt"/>
        <line num="130" count="4" type="cond" truecount="1" falsecount="1"/>
        <line num="131" count="4" type="cond" truecount="1" falsecount="1"/>
        <line num="132" count="4" type="cond" truecount="2" falsecount="0"/>
        <line num="133" count="2" type="stmt"/>
        <line num="134" count="0" type="cond" truecount="0" falsecount="2"/>
        <line num="135" count="0" type="cond" truecount="0" falsecount="2"/>
        <line num="136" count="0" type="cond" truecount="0" falsecount="2"/>
        <line num="137" count="0" type="stmt"/>
        <line num="138" count="0" type="cond" truecount="0" falsecount="2"/>
        <line num="139" count="0" type="cond" truecount="0" falsecount="2"/>
        <line num="140" count="0" type="cond" truecount="0" falsecount="2"/>
        <line num="141" count="0" type="stmt"/>
        <line num="142" count="0" type="stmt"/>
        <line num="145" count="143" type="cond" truecount="2" falsecount="0"/>
        <line num="147" count="9" type="stmt"/>
        <line num="148" count="9" type="stmt"/>
        <line num="150" count="143" type="stmt"/>
        <line num="154" count="0" type="stmt"/>
        <line num="155" count="0" type="stmt"/>
        <line num="156" count="0" type="stmt"/>
        <line num="158" count="0" type="stmt"/>
        <line num="162" count="0" type="stmt"/>
        <line num="163" count="0" type="stmt"/>
        <line num="164" count="0" type="stmt"/>
        <line num="165" count="0" type="cond" truecount="0" falsecount="2"/>
        <line num="166" count="0" type="stmt"/>
        <line num="167" count="0" type="stmt"/>
        <line num="168" count="0" type="stmt"/>
        <line num="169" count="0" type="stmt"/>
        <line num="172" count="0" type="cond" truecount="0" falsecount="2"/>
        <line num="175" count="0" type="stmt"/>
        <line num="176" count="0" type="cond" truecount="0" falsecount="2"/>
        <line num="177" count="0" type="cond" truecount="0" falsecount="2"/>
        <line num="178" count="0" type="stmt"/>
        <line num="180" count="0" type="stmt"/>
        <line num="181" count="0" type="stmt"/>
        <line num="182" count="0" type="stmt"/>
        <line num="183" count="0" type="stmt"/>
        <line num="185" count="0" type="stmt"/>
        <line num="188" count="22" type="stmt"/>
        <line num="189" count="22" type="stmt"/>
      </file>
      <file name="transposition-utils.js" path="C:\Users\Owner\Desktop\code\npm-packages\abc-notation-transposition\functions\transposition-utils.js">
        <metrics statements="62" coveredstatements="62" conditionals="44" coveredconditionals="44" methods="7" coveredmethods="7"/>
        <line num="1" count="30" type="stmt"/>
        <line num="5" count="742" type="stmt"/>
        <line num="6" count="742" type="cond" truecount="2" falsecount="0"/>
        <line num="7" count="741" type="stmt"/>
        <line num="12" count="238" type="stmt"/>
        <line num="13" count="238" type="cond" truecount="2" falsecount="0"/>
        <line num="14" count="80" type="stmt"/>
        <line num="20" count="208" type="stmt"/>
        <line num="21" count="208" type="cond" truecount="2" falsecount="0"/>
        <line num="22" count="207" type="stmt"/>
        <line num="27" count="54" type="stmt"/>
        <line num="31" count="204" type="stmt"/>
        <line num="32" count="204" type="stmt"/>
        <line num="37" count="214" type="stmt"/>
        <line num="38" count="214" type="stmt"/>
        <line num="39" count="19" type="cond" truecount="2" falsecount="0"/>
        <line num="40" count="6" type="stmt"/>
        <line num="41" count="6" type="stmt"/>
        <line num="44" count="13" type="stmt"/>
        <line num="45" count="13" type="stmt"/>
        <line num="48" count="214" type="stmt"/>
        <line num="50" count="214" type="stmt"/>
        <line num="51" count="214" type="cond" truecount="4" falsecount="0"/>
        <line num="52" count="13" type="stmt"/>
        <line num="53" count="201" type="cond" truecount="4" falsecount="0"/>
        <line num="54" count="20" type="stmt"/>
        <line num="55" count="181" type="cond" truecount="2" falsecount="0"/>
        <line num="56" count="57" type="cond" truecount="4" falsecount="0"/>
        <line num="57" count="54" type="cond" truecount="4" falsecount="0"/>
        <line num="59" count="214" type="stmt"/>
        <line num="63" count="219" type="stmt"/>
        <line num="65" count="219" type="stmt"/>
        <line num="71" count="219" type="stmt"/>
        <line num="72" count="60" type="cond" truecount="2" falsecount="0"/>
        <line num="73" count="22" type="cond" truecount="2" falsecount="0"/>
        <line num="74" count="6" type="stmt"/>
        <line num="75" count="6" type="stmt"/>
        <line num="76" count="16" type="cond" truecount="2" falsecount="0"/>
        <line num="77" count="9" type="stmt"/>
        <line num="78" count="9" type="stmt"/>
        <line num="80" count="7" type="stmt"/>
        <line num="81" count="7" type="stmt"/>
        <line num="84" count="38" type="cond" truecount="2" falsecount="0"/>
        <line num="85" count="6" type="stmt"/>
        <line num="86" count="6" type="stmt"/>
        <line num="87" count="32" type="cond" truecount="2" falsecount="0"/>
        <line num="88" count="25" type="stmt"/>
        <line num="89" count="25" type="stmt"/>
        <line num="91" count="7" type="stmt"/>
        <line num="92" count="7" type="stmt"/>
        <line num="96" count="219" type="cond" truecount="2" falsecount="0"/>
        <line num="97" count="73" type="stmt"/>
        <line num="98" count="219" type="stmt"/>
        <line num="99" count="219" type="stmt"/>
        <line num="100" count="219" type="stmt"/>
        <line num="103" count="30" type="stmt"/>
        <line num="104" count="30" type="stmt"/>
        <line num="105" count="30" type="stmt"/>
        <line num="106" count="30" type="stmt"/>
        <line num="107" count="30" type="stmt"/>
        <line num="108" count="30" type="stmt"/>
        <line num="109" count="30" type="stmt"/>
      </file>
    </package>
  </project>
</coverage>
