{"C:\\Users\\Owner\\Desktop\\code\\npm-packages\\abc-notation-transposition\\index.js": {"path":"C:\\Users\\Owner\\Desktop\\code\\npm-packages\\abc-notation-transposition\\index.js","statementMap":{"0":{"start":{"line":1,"column":23},"end":{"line":1,"column":45}},"1":{"start":{"line":2,"column":80},"end":{"line":2,"column":102}},"2":{"start":{"line":4,"column":0},"end":{"line":4,"column":43}},"3":{"start":{"line":5,"column":0},"end":{"line":5,"column":37}},"4":{"start":{"line":6,"column":0},"end":{"line":6,"column":77}},"5":{"start":{"line":7,"column":0},"end":{"line":7,"column":73}}},"fnMap":{},"branchMap":{},"s":{"0":7,"1":7,"2":7,"3":7,"4":7,"5":7},"f":{},"b":{},"_coverageSchema":"1a1c01bbd47fc00a2c39e90264f33305004495a9","hash":"0cfd1eead8937973c79525075a23dce02e3e0470"}
,"C:\\Users\\Owner\\Desktop\\code\\npm-packages\\abc-notation-transposition\\classes\\ImproperlyFormattedABCNotationError.js": {"path":"C:\\Users\\Owner\\Desktop\\code\\npm-packages\\abc-notation-transposition\\classes\\ImproperlyFormattedABCNotationError.js","statementMap":{"0":{"start":{"line":3,"column":8},"end":{"line":3,"column":22}},"1":{"start":{"line":5,"column":8},"end":{"line":7,"column":9}},"2":{"start":{"line":6,"column":12},"end":{"line":6,"column":79}},"3":{"start":{"line":8,"column":8},"end":{"line":8,"column":58}},"4":{"start":{"line":13,"column":0},"end":{"line":13,"column":89}}},"fnMap":{"0":{"name":"(anonymous_0)","decl":{"start":{"line":2,"column":4},"end":{"line":2,"column":5}},"loc":{"start":{"line":2,"column":25},"end":{"line":9,"column":5}},"line":2}},"branchMap":{"0":{"loc":{"start":{"line":5,"column":8},"end":{"line":7,"column":9}},"type":"if","locations":[{"start":{"line":5,"column":8},"end":{"line":7,"column":9}}],"line":5}},"s":{"0":6,"1":6,"2":6,"3":6,"4":25},"f":{"0":6},"b":{"0":[6]},"_coverageSchema":"1a1c01bbd47fc00a2c39e90264f33305004495a9","hash":"100dd975d3ebff8ac0a96d6891bcb98fc87dc5bf"}
,"C:\\Users\\Owner\\Desktop\\code\\npm-packages\\abc-notation-transposition\\classes\\SimpleCircularArray.js": {"path":"C:\\Users\\Owner\\Desktop\\code\\npm-packages\\abc-notation-transposition\\classes\\SimpleCircularArray.js","statementMap":{"0":{"start":{"line":5,"column":8},"end":{"line":5,"column":28}},"1":{"start":{"line":9,"column":8},"end":{"line":9,"column":97}},"2":{"start":{"line":9,"column":37},"end":{"line":9,"column":97}},"3":{"start":{"line":12,"column":8},"end":{"line":14,"column":9}},"4":{"start":{"line":13,"column":12},"end":{"line":13,"column":47}},"5":{"start":{"line":15,"column":8},"end":{"line":17,"column":9}},"6":{"start":{"line":16,"column":12},"end":{"line":16,"column":40}},"7":{"start":{"line":18,"column":8},"end":{"line":18,"column":34}},"8":{"start":{"line":22,"column":8},"end":{"line":22,"column":34}},"9":{"start":{"line":26,"column":8},"end":{"line":28,"column":9}},"10":{"start":{"line":26,"column":20},"end":{"line":26,"column":21}},"11":{"start":{"line":27,"column":12},"end":{"line":27,"column":57}},"12":{"start":{"line":27,"column":48},"end":{"line":27,"column":57}},"13":{"start":{"line":29,"column":8},"end":{"line":29,"column":18}},"14":{"start":{"line":33,"column":8},"end":{"line":35,"column":9}},"15":{"start":{"line":34,"column":12},"end":{"line":34,"column":50}},"16":{"start":{"line":34,"column":38},"end":{"line":34,"column":50}},"17":{"start":{"line":36,"column":8},"end":{"line":36,"column":25}},"18":{"start":{"line":40,"column":0},"end":{"line":40,"column":57}}},"fnMap":{"0":{"name":"(anonymous_0)","decl":{"start":{"line":4,"column":4},"end":{"line":4,"column":5}},"loc":{"start":{"line":4,"column":28},"end":{"line":6,"column":5}},"line":4},"1":{"name":"(anonymous_1)","decl":{"start":{"line":8,"column":4},"end":{"line":8,"column":5}},"loc":{"start":{"line":8,"column":16},"end":{"line":19,"column":5}},"line":8},"2":{"name":"(anonymous_2)","decl":{"start":{"line":21,"column":4},"end":{"line":21,"column":5}},"loc":{"start":{"line":21,"column":11},"end":{"line":23,"column":5}},"line":21},"3":{"name":"(anonymous_3)","decl":{"start":{"line":25,"column":4},"end":{"line":25,"column":5}},"loc":{"start":{"line":25,"column":31},"end":{"line":30,"column":5}},"line":25},"4":{"name":"(anonymous_4)","decl":{"start":{"line":32,"column":4},"end":{"line":32,"column":5}},"loc":{"start":{"line":32,"column":26},"end":{"line":37,"column":5}},"line":32}},"branchMap":{"0":{"loc":{"start":{"line":4,"column":16},"end":{"line":4,"column":26}},"type":"default-arg","locations":[{"start":{"line":4,"column":24},"end":{"line":4,"column":26}}],"line":4},"1":{"loc":{"start":{"line":9,"column":8},"end":{"line":9,"column":97}},"type":"if","locations":[{"start":{"line":9,"column":8},"end":{"line":9,"column":97}},{"start":{},"end":{}}],"line":9},"2":{"loc":{"start":{"line":12,"column":8},"end":{"line":14,"column":9}},"type":"if","locations":[{"start":{"line":12,"column":8},"end":{"line":14,"column":9}},{"start":{},"end":{}}],"line":12},"3":{"loc":{"start":{"line":27,"column":12},"end":{"line":27,"column":57}},"type":"if","locations":[{"start":{"line":27,"column":12},"end":{"line":27,"column":57}},{"start":{},"end":{}}],"line":27},"4":{"loc":{"start":{"line":34,"column":12},"end":{"line":34,"column":50}},"type":"if","locations":[{"start":{"line":34,"column":12},"end":{"line":34,"column":50}},{"start":{},"end":{}}],"line":34}},"s":{"0":90,"1":2411,"2":1,"3":2410,"4":905,"5":2410,"6":538,"7":2410,"8":37,"9":406,"10":406,"11":1803,"12":403,"13":3,"14":39,"15":140,"16":36,"17":3,"18":26},"f":{"0":90,"1":2411,"2":37,"3":406,"4":39},"b":{"0":[4],"1":[1,2410],"2":[905,1505],"3":[403,1400],"4":[36,104]},"_coverageSchema":"1a1c01bbd47fc00a2c39e90264f33305004495a9","hash":"7218962ba431a9586744f69c1009ac09fd37b2e0"}
,"C:\\Users\\Owner\\Desktop\\code\\npm-packages\\abc-notation-transposition\\classes\\index.js": {"path":"C:\\Users\\Owner\\Desktop\\code\\npm-packages\\abc-notation-transposition\\classes\\index.js","statementMap":{"0":{"start":{"line":1,"column":30},"end":{"line":1,"column":62}},"1":{"start":{"line":2,"column":46},"end":{"line":2,"column":94}},"2":{"start":{"line":4,"column":0},"end":{"line":4,"column":57}},"3":{"start":{"line":5,"column":0},"end":{"line":5,"column":89}}},"fnMap":{},"branchMap":{},"s":{"0":25,"1":25,"2":25,"3":25},"f":{},"b":{},"_coverageSchema":"1a1c01bbd47fc00a2c39e90264f33305004495a9","hash":"768b38e1f54de43db14cb1236fe9c5e2a46dd679"}
,"C:\\Users\\Owner\\Desktop\\code\\npm-packages\\abc-notation-transposition\\constants\\error-messages.js": {"path":"C:\\Users\\Owner\\Desktop\\code\\npm-packages\\abc-notation-transposition\\constants\\error-messages.js","statementMap":{"0":{"start":{"line":2,"column":0},"end":{"line":2,"column":44}},"1":{"start":{"line":5,"column":0},"end":{"line":5,"column":48}},"2":{"start":{"line":8,"column":0},"end":{"line":12,"column":2}},"3":{"start":{"line":15,"column":0},"end":{"line":15,"column":125}},"4":{"start":{"line":18,"column":0},"end":{"line":23,"column":50}},"5":{"start":{"line":25,"column":0},"end":{"line":31,"column":1}}},"fnMap":{},"branchMap":{},"s":{"0":25,"1":25,"2":25,"3":25,"4":25,"5":25},"f":{},"b":{},"_coverageSchema":"1a1c01bbd47fc00a2c39e90264f33305004495a9","hash":"d0c3d8041aed8971097626bfb4e26a40b8dfd6bd"}
,"C:\\Users\\Owner\\Desktop\\code\\npm-packages\\abc-notation-transposition\\constants\\index.js": {"path":"C:\\Users\\Owner\\Desktop\\code\\npm-packages\\abc-notation-transposition\\constants\\index.js","statementMap":{"0":{"start":{"line":1,"column":47},"end":{"line":1,"column":67}},"1":{"start":{"line":2,"column":15},"end":{"line":2,"column":32}},"2":{"start":{"line":3,"column":82},"end":{"line":3,"column":106}},"3":{"start":{"line":4,"column":30},"end":{"line":4,"column":62}},"4":{"start":{"line":5,"column":25},"end":{"line":5,"column":52}},"5":{"start":{"line":6,"column":20},"end":{"line":6,"column":42}},"6":{"start":{"line":8,"column":0},"end":{"line":8,"column":51}},"7":{"start":{"line":9,"column":0},"end":{"line":9,"column":55}},"8":{"start":{"line":10,"column":0},"end":{"line":10,"column":27}},"9":{"start":{"line":11,"column":0},"end":{"line":11,"column":41}},"10":{"start":{"line":12,"column":0},"end":{"line":12,"column":77}},"11":{"start":{"line":13,"column":0},"end":{"line":13,"column":73}},"12":{"start":{"line":14,"column":0},"end":{"line":14,"column":57}},"13":{"start":{"line":15,"column":0},"end":{"line":15,"column":47}},"14":{"start":{"line":16,"column":0},"end":{"line":16,"column":37}}},"fnMap":{},"branchMap":{},"s":{"0":25,"1":25,"2":25,"3":25,"4":25,"5":25,"6":25,"7":25,"8":25,"9":25,"10":25,"11":25,"12":25,"13":25,"14":25},"f":{},"b":{},"_coverageSchema":"1a1c01bbd47fc00a2c39e90264f33305004495a9","hash":"49a8947aae401e7fb133e10edf0aa541e6b2783b"}
,"C:\\Users\\Owner\\Desktop\\code\\npm-packages\\abc-notation-transposition\\constants\\intervals.js": {"path":"C:\\Users\\Owner\\Desktop\\code\\npm-packages\\abc-notation-transposition\\constants\\intervals.js","statementMap":{"0":{"start":{"line":1,"column":0},"end":{"line":31,"column":1}}},"fnMap":{},"branchMap":{},"s":{"0":25},"f":{},"b":{},"_coverageSchema":"1a1c01bbd47fc00a2c39e90264f33305004495a9","hash":"4a2d4610c94667622ae330bf3c6174f34741cb1b"}
,"C:\\Users\\Owner\\Desktop\\code\\npm-packages\\abc-notation-transposition\\constants\\keys.js": {"path":"C:\\Users\\Owner\\Desktop\\code\\npm-packages\\abc-notation-transposition\\constants\\keys.js","statementMap":{"0":{"start":{"line":1,"column":32},"end":{"line":1,"column":53}},"1":{"start":{"line":2,"column":24},"end":{"line":2,"column":48}},"2":{"start":{"line":5,"column":0},"end":{"line":345,"column":3}}},"fnMap":{},"branchMap":{},"s":{"0":25,"1":25,"2":25},"f":{},"b":{},"_coverageSchema":"1a1c01bbd47fc00a2c39e90264f33305004495a9","hash":"8f1ccaae9735effa36f4505f08181df969fdc7c2"}
,"C:\\Users\\Owner\\Desktop\\code\\npm-packages\\abc-notation-transposition\\constants\\pitches.js": {"path":"C:\\Users\\Owner\\Desktop\\code\\npm-packages\\abc-notation-transposition\\constants\\pitches.js","statementMap":{"0":{"start":{"line":1,"column":32},"end":{"line":1,"column":53}},"1":{"start":{"line":3,"column":0},"end":{"line":3,"column":95}},"2":{"start":{"line":5,"column":0},"end":{"line":18,"column":3}}},"fnMap":{},"branchMap":{},"s":{"0":25,"1":25,"2":25},"f":{},"b":{},"_coverageSchema":"1a1c01bbd47fc00a2c39e90264f33305004495a9","hash":"46e5d6b24e67236605d9f342ef3f9780b3e8ec4c"}
,"C:\\Users\\Owner\\Desktop\\code\\npm-packages\\abc-notation-transposition\\constants\\preferences.js": {"path":"C:\\Users\\Owner\\Desktop\\code\\npm-packages\\abc-notation-transposition\\constants\\preferences.js","statementMap":{"0":{"start":{"line":1,"column":19},"end":{"line":4,"column":1}},"1":{"start":{"line":6,"column":0},"end":{"line":10,"column":1}},"2":{"start":{"line":12,"column":0},"end":{"line":16,"column":1}},"3":{"start":{"line":19,"column":0},"end":{"line":23,"column":1}}},"fnMap":{},"branchMap":{},"s":{"0":25,"1":25,"2":25,"3":25},"f":{},"b":{},"_coverageSchema":"1a1c01bbd47fc00a2c39e90264f33305004495a9","hash":"94b8e69539a5a545c2b15f6f350800ac3b150ef3"}
,"C:\\Users\\Owner\\Desktop\\code\\npm-packages\\abc-notation-transposition\\constants\\regular-expressions.js": {"path":"C:\\Users\\Owner\\Desktop\\code\\npm-packages\\abc-notation-transposition\\constants\\regular-expressions.js","statementMap":{"0":{"start":{"line":2,"column":35},"end":{"line":20,"column":1}},"1":{"start":{"line":22,"column":0},"end":{"line":61,"column":1}}},"fnMap":{},"branchMap":{},"s":{"0":25,"1":25},"f":{},"b":{},"_coverageSchema":"1a1c01bbd47fc00a2c39e90264f33305004495a9","hash":"6a4beb08beb8a182bd6192b76c92479481872742"}
,"C:\\Users\\Owner\\Desktop\\code\\npm-packages\\abc-notation-transposition\\functions\\index.js": {"path":"C:\\Users\\Owner\\Desktop\\code\\npm-packages\\abc-notation-transposition\\functions\\index.js","statementMap":{"0":{"start":{"line":1,"column":0},"end":{"line":1,"column":70}}},"fnMap":{},"branchMap":{},"s":{"0":7},"f":{},"b":{},"_coverageSchema":"1a1c01bbd47fc00a2c39e90264f33305004495a9","hash":"465cd5b2bb6f421f4fbec6725c4077cc7a321a2e"}
,"C:\\Users\\Owner\\Desktop\\code\\npm-packages\\abc-notation-transposition\\functions\\string-utils.js": {"path":"C:\\Users\\Owner\\Desktop\\code\\npm-packages\\abc-notation-transposition\\functions\\string-utils.js","statementMap":{"0":{"start":{"line":1,"column":0},"end":{"line":3,"column":1}},"1":{"start":{"line":2,"column":4},"end":{"line":2,"column":37}},"2":{"start":{"line":5,"column":0},"end":{"line":7,"column":1}},"3":{"start":{"line":6,"column":4},"end":{"line":6,"column":66}},"4":{"start":{"line":9,"column":0},"end":{"line":17,"column":1}},"5":{"start":{"line":10,"column":4},"end":{"line":12,"column":5}},"6":{"start":{"line":11,"column":8},"end":{"line":11,"column":31}},"7":{"start":{"line":13,"column":4},"end":{"line":15,"column":5}},"8":{"start":{"line":14,"column":8},"end":{"line":14,"column":47}},"9":{"start":{"line":16,"column":4},"end":{"line":16,"column":15}}},"fnMap":{"0":{"name":"(anonymous_0)","decl":{"start":{"line":1,"column":29},"end":{"line":1,"column":30}},"loc":{"start":{"line":1,"column":44},"end":{"line":3,"column":1}},"line":1},"1":{"name":"(anonymous_1)","decl":{"start":{"line":5,"column":36},"end":{"line":5,"column":37}},"loc":{"start":{"line":5,"column":65},"end":{"line":7,"column":1}},"line":5},"2":{"name":"(anonymous_2)","decl":{"start":{"line":9,"column":30},"end":{"line":9,"column":31}},"loc":{"start":{"line":9,"column":44},"end":{"line":17,"column":1}},"line":9}},"branchMap":{"0":{"loc":{"start":{"line":10,"column":4},"end":{"line":12,"column":5}},"type":"if","locations":[{"start":{"line":10,"column":4},"end":{"line":12,"column":5}},{"start":{},"end":{}}],"line":10},"1":{"loc":{"start":{"line":13,"column":4},"end":{"line":15,"column":5}},"type":"if","locations":[{"start":{"line":13,"column":4},"end":{"line":15,"column":5}},{"start":{},"end":{}}],"line":13}},"s":{"0":32,"1":221,"2":32,"3":664,"4":32,"5":17,"6":2,"7":17,"8":2,"9":17},"f":{"0":221,"1":664,"2":17},"b":{"0":[2,15],"1":[2,15]},"_coverageSchema":"1a1c01bbd47fc00a2c39e90264f33305004495a9","hash":"cc1fc42822694860bda1772e05a39d519140dd30"}
,"C:\\Users\\Owner\\Desktop\\code\\npm-packages\\abc-notation-transposition\\functions\\tranpose-pitch-chromatically.js": {"path":"C:\\Users\\Owner\\Desktop\\code\\npm-packages\\abc-notation-transposition\\functions\\tranpose-pitch-chromatically.js","statementMap":{"0":{"start":{"line":1,"column":31},"end":{"line":1,"column":54}},"1":{"start":{"line":2,"column":116},"end":{"line":2,"column":148}},"2":{"start":{"line":4,"column":0},"end":{"line":34,"column":1}},"3":{"start":{"line":5,"column":32},"end":{"line":5,"column":61}},"4":{"start":{"line":6,"column":29},"end":{"line":6,"column":57}},"5":{"start":{"line":7,"column":4},"end":{"line":8,"column":106}},"6":{"start":{"line":7,"column":28},"end":{"line":7,"column":122}},"7":{"start":{"line":8,"column":9},"end":{"line":8,"column":106}},"8":{"start":{"line":9,"column":40},"end":{"line":9,"column":80}},"9":{"start":{"line":10,"column":28},"end":{"line":12,"column":6}},"10":{"start":{"line":11,"column":8},"end":{"line":11,"column":64}},"11":{"start":{"line":13,"column":33},"end":{"line":13,"column":84}},"12":{"start":{"line":19,"column":26},"end":{"line":19,"column":78}},"13":{"start":{"line":19,"column":61},"end":{"line":19,"column":77}},"14":{"start":{"line":20,"column":4},"end":{"line":23,"column":5}},"15":{"start":{"line":21,"column":8},"end":{"line":22,"column":92}},"16":{"start":{"line":21,"column":94},"end":{"line":21,"column":172}},"17":{"start":{"line":21,"column":147},"end":{"line":21,"column":170}},"18":{"start":{"line":22,"column":13},"end":{"line":22,"column":92}},"19":{"start":{"line":22,"column":66},"end":{"line":22,"column":90}},"20":{"start":{"line":24,"column":4},"end":{"line":24,"column":60}},"21":{"start":{"line":25,"column":4},"end":{"line":25,"column":58}},"22":{"start":{"line":26,"column":29},"end":{"line":26,"column":105}},"23":{"start":{"line":27,"column":4},"end":{"line":30,"column":37}},"24":{"start":{"line":28,"column":8},"end":{"line":28,"column":111}},"25":{"start":{"line":29,"column":8},"end":{"line":29,"column":33}},"26":{"start":{"line":30,"column":11},"end":{"line":30,"column":37}},"27":{"start":{"line":31,"column":34},"end":{"line":31,"column":109}},"28":{"start":{"line":32,"column":4},"end":{"line":32,"column":99}},"29":{"start":{"line":32,"column":26},"end":{"line":32,"column":99}},"30":{"start":{"line":33,"column":4},"end":{"line":33,"column":35}}},"fnMap":{"0":{"name":"(anonymous_0)","decl":{"start":{"line":4,"column":45},"end":{"line":4,"column":46}},"loc":{"start":{"line":4,"column":93},"end":{"line":34,"column":1}},"line":4},"1":{"name":"(anonymous_1)","decl":{"start":{"line":10,"column":57},"end":{"line":10,"column":58}},"loc":{"start":{"line":10,"column":73},"end":{"line":12,"column":5}},"line":10},"2":{"name":"(anonymous_2)","decl":{"start":{"line":19,"column":52},"end":{"line":19,"column":53}},"loc":{"start":{"line":19,"column":61},"end":{"line":19,"column":77}},"line":19},"3":{"name":"(anonymous_3)","decl":{"start":{"line":21,"column":138},"end":{"line":21,"column":139}},"loc":{"start":{"line":21,"column":147},"end":{"line":21,"column":170}},"line":21},"4":{"name":"(anonymous_4)","decl":{"start":{"line":22,"column":57},"end":{"line":22,"column":58}},"loc":{"start":{"line":22,"column":66},"end":{"line":22,"column":90}},"line":22}},"branchMap":{"0":{"loc":{"start":{"line":7,"column":4},"end":{"line":8,"column":106}},"type":"if","locations":[{"start":{"line":7,"column":4},"end":{"line":8,"column":106}},{"start":{"line":8,"column":9},"end":{"line":8,"column":106}}],"line":7},"1":{"loc":{"start":{"line":20,"column":4},"end":{"line":23,"column":5}},"type":"if","locations":[{"start":{"line":20,"column":4},"end":{"line":23,"column":5}},{"start":{},"end":{}}],"line":20},"2":{"loc":{"start":{"line":21,"column":8},"end":{"line":22,"column":92}},"type":"if","locations":[{"start":{"line":21,"column":8},"end":{"line":22,"column":92}},{"start":{"line":22,"column":13},"end":{"line":22,"column":92}}],"line":21},"3":{"loc":{"start":{"line":21,"column":11},"end":{"line":21,"column":92}},"type":"binary-expr","locations":[{"start":{"line":21,"column":11},"end":{"line":21,"column":43}},{"start":{"line":21,"column":48},"end":{"line":21,"column":74}},{"start":{"line":21,"column":78},"end":{"line":21,"column":91}}],"line":21},"4":{"loc":{"start":{"line":27,"column":4},"end":{"line":30,"column":37}},"type":"if","locations":[{"start":{"line":27,"column":4},"end":{"line":30,"column":37}},{"start":{"line":30,"column":11},"end":{"line":30,"column":37}}],"line":27},"5":{"loc":{"start":{"line":32,"column":4},"end":{"line":32,"column":99}},"type":"if","locations":[{"start":{"line":32,"column":4},"end":{"line":32,"column":99}},{"start":{},"end":{}}],"line":32}},"s":{"0":22,"1":22,"2":22,"3":44,"4":44,"5":44,"6":22,"7":22,"8":44,"9":44,"10":272,"11":44,"12":44,"13":77,"14":44,"15":19,"16":5,"17":7,"18":14,"19":22,"20":44,"21":44,"22":44,"23":44,"24":21,"25":21,"26":23,"27":44,"28":44,"29":21,"30":44},"f":{"0":44,"1":272,"2":77,"3":7,"4":22},"b":{"0":[22,22],"1":[19,25],"2":[5,14],"3":[19,16,14],"4":[21,23],"5":[21,23]},"_coverageSchema":"1a1c01bbd47fc00a2c39e90264f33305004495a9","hash":"2539c593b633fb9eb7640204ecd425824b333e5a"}
,"C:\\Users\\Owner\\Desktop\\code\\npm-packages\\abc-notation-transposition\\functions\\transpose-abc.js": {"path":"C:\\Users\\Owner\\Desktop\\code\\npm-packages\\abc-notation-transposition\\functions\\transpose-abc.js","statementMap":{"0":{"start":{"line":7,"column":4},"end":{"line":7,"column":27}},"1":{"start":{"line":8,"column":46},"end":{"line":8,"column":67}},"2":{"start":{"line":9,"column":23},"end":{"line":9,"column":49}},"3":{"start":{"line":10,"column":30},"end":{"line":10,"column":65}},"4":{"start":{"line":11,"column":38},"end":{"line":11,"column":79}},"5":{"start":{"line":12,"column":43},"end":{"line":12,"column":68}},"6":{"start":{"line":14,"column":21},"end":{"line":64,"column":1}},"7":{"start":{"line":18,"column":4},"end":{"line":18,"column":44}},"8":{"start":{"line":20,"column":47},"end":{"line":20,"column":75}},"9":{"start":{"line":21,"column":27},"end":{"line":21,"column":59}},"10":{"start":{"line":24,"column":40},"end":{"line":24,"column":75}},"11":{"start":{"line":26,"column":26},"end":{"line":26,"column":71}},"12":{"start":{"line":31,"column":24},"end":{"line":31,"column":57}},"13":{"start":{"line":32,"column":32},"end":{"line":32,"column":63}},"14":{"start":{"line":35,"column":19},"end":{"line":35,"column":40}},"15":{"start":{"line":37,"column":29},"end":{"line":37,"column":145}},"16":{"start":{"line":38,"column":23},"end":{"line":38,"column":25}},"17":{"start":{"line":39,"column":4},"end":{"line":44,"column":5}},"18":{"start":{"line":40,"column":22},"end":{"line":40,"column":49}},"19":{"start":{"line":41,"column":8},"end":{"line":43,"column":9}},"20":{"start":{"line":42,"column":12},"end":{"line":42,"column":44}},"21":{"start":{"line":45,"column":4},"end":{"line":47,"column":7}},"22":{"start":{"line":46,"column":8},"end":{"line":46,"column":46}},"23":{"start":{"line":48,"column":4},"end":{"line":53,"column":7}},"24":{"start":{"line":49,"column":8},"end":{"line":49,"column":83}},"25":{"start":{"line":51,"column":8},"end":{"line":51,"column":74}},"26":{"start":{"line":52,"column":8},"end":{"line":52,"column":40}},"27":{"start":{"line":54,"column":31},"end":{"line":54,"column":54}},"28":{"start":{"line":55,"column":24},"end":{"line":55,"column":28}},"29":{"start":{"line":56,"column":4},"end":{"line":60,"column":5}},"30":{"start":{"line":57,"column":8},"end":{"line":57,"column":39}},"31":{"start":{"line":59,"column":8},"end":{"line":59,"column":68}},"32":{"start":{"line":61,"column":4},"end":{"line":61,"column":63}},"33":{"start":{"line":62,"column":4},"end":{"line":62,"column":26}},"34":{"start":{"line":63,"column":4},"end":{"line":63,"column":57}},"35":{"start":{"line":67,"column":4},"end":{"line":67,"column":116}},"36":{"start":{"line":67,"column":36},"end":{"line":67,"column":116}},"37":{"start":{"line":68,"column":4},"end":{"line":68,"column":118}},"38":{"start":{"line":68,"column":38},"end":{"line":68,"column":118}},"39":{"start":{"line":69,"column":4},"end":{"line":69,"column":117}},"40":{"start":{"line":69,"column":37},"end":{"line":69,"column":117}},"41":{"start":{"line":71,"column":4},"end":{"line":71,"column":95}},"42":{"start":{"line":71,"column":33},"end":{"line":71,"column":95}},"43":{"start":{"line":73,"column":4},"end":{"line":75,"column":5}},"44":{"start":{"line":74,"column":8},"end":{"line":74,"column":70}},"45":{"start":{"line":76,"column":4},"end":{"line":79,"column":153}},"46":{"start":{"line":79,"column":6},"end":{"line":79,"column":153}},"47":{"start":{"line":81,"column":46},"end":{"line":81,"column":123}},"48":{"start":{"line":82,"column":39},"end":{"line":82,"column":109}},"49":{"start":{"line":84,"column":4},"end":{"line":86,"column":5}},"50":{"start":{"line":85,"column":8},"end":{"line":85,"column":144}},"51":{"start":{"line":88,"column":4},"end":{"line":93,"column":139}},"52":{"start":{"line":93,"column":6},"end":{"line":93,"column":139}},"53":{"start":{"line":94,"column":4},"end":{"line":94,"column":11}},"54":{"start":{"line":98,"column":29},"end":{"line":98,"column":73}},"55":{"start":{"line":99,"column":4},"end":{"line":101,"column":5}},"56":{"start":{"line":100,"column":8},"end":{"line":100,"column":104}},"57":{"start":{"line":102,"column":19},"end":{"line":102,"column":38}},"58":{"start":{"line":103,"column":16},"end":{"line":103,"column":35}},"59":{"start":{"line":104,"column":17},"end":{"line":104,"column":51}},"60":{"start":{"line":106,"column":4},"end":{"line":106,"column":31}},"61":{"start":{"line":110,"column":14},"end":{"line":110,"column":16}},"62":{"start":{"line":111,"column":29},"end":{"line":111,"column":76}},"63":{"start":{"line":112,"column":4},"end":{"line":123,"column":5}},"64":{"start":{"line":113,"column":8},"end":{"line":113,"column":35}},"65":{"start":{"line":114,"column":8},"end":{"line":122,"column":9}},"66":{"start":{"line":116,"column":12},"end":{"line":116,"column":66}},"67":{"start":{"line":118,"column":32},"end":{"line":118,"column":70}},"68":{"start":{"line":119,"column":12},"end":{"line":121,"column":13}},"69":{"start":{"line":120,"column":16},"end":{"line":120,"column":38}},"70":{"start":{"line":124,"column":4},"end":{"line":124,"column":15}},"71":{"start":{"line":131,"column":4},"end":{"line":133,"column":5}},"72":{"start":{"line":132,"column":8},"end":{"line":132,"column":35}},"73":{"start":{"line":135,"column":17},"end":{"line":135,"column":62}},"74":{"start":{"line":136,"column":15},"end":{"line":136,"column":22}},"75":{"start":{"line":137,"column":4},"end":{"line":151,"column":5}},"76":{"start":{"line":138,"column":8},"end":{"line":138,"column":24}},"77":{"start":{"line":139,"column":11},"end":{"line":151,"column":5}},"78":{"start":{"line":140,"column":8},"end":{"line":140,"column":26}},"79":{"start":{"line":141,"column":11},"end":{"line":151,"column":5}},"80":{"start":{"line":142,"column":8},"end":{"line":142,"column":28}},"81":{"start":{"line":143,"column":11},"end":{"line":151,"column":5}},"82":{"start":{"line":144,"column":8},"end":{"line":144,"column":24}},"83":{"start":{"line":145,"column":11},"end":{"line":151,"column":5}},"84":{"start":{"line":146,"column":8},"end":{"line":146,"column":23}},"85":{"start":{"line":147,"column":11},"end":{"line":151,"column":5}},"86":{"start":{"line":148,"column":8},"end":{"line":148,"column":24}},"87":{"start":{"line":149,"column":11},"end":{"line":151,"column":5}},"88":{"start":{"line":150,"column":8},"end":{"line":150,"column":25}},"89":{"start":{"line":152,"column":19},"end":{"line":156,"column":6}},"90":{"start":{"line":153,"column":8},"end":{"line":155,"column":18}},"91":{"start":{"line":154,"column":14},"end":{"line":154,"column":42}},"92":{"start":{"line":157,"column":4},"end":{"line":157,"column":174}},"93":{"start":{"line":157,"column":16},"end":{"line":157,"column":174}},"94":{"start":{"line":158,"column":16},"end":{"line":158,"column":56}},"95":{"start":{"line":158,"column":35},"end":{"line":158,"column":55}},"96":{"start":{"line":159,"column":4},"end":{"line":159,"column":23}},"97":{"start":{"line":163,"column":24},"end":{"line":163,"column":62}},"98":{"start":{"line":164,"column":4},"end":{"line":168,"column":5}},"99":{"start":{"line":164,"column":21},"end":{"line":164,"column":33}},"100":{"start":{"line":166,"column":21},"end":{"line":166,"column":63}},"101":{"start":{"line":167,"column":8},"end":{"line":167,"column":20}},"102":{"start":{"line":172,"column":30},"end":{"line":172,"column":77}},"103":{"start":{"line":173,"column":4},"end":{"line":184,"column":5}},"104":{"start":{"line":173,"column":27},"end":{"line":173,"column":37}},"105":{"start":{"line":175,"column":29},"end":{"line":175,"column":31}},"106":{"start":{"line":176,"column":8},"end":{"line":182,"column":11}},"107":{"start":{"line":177,"column":30},"end":{"line":177,"column":54}},"108":{"start":{"line":178,"column":25},"end":{"line":178,"column":44}},"109":{"start":{"line":179,"column":12},"end":{"line":181,"column":13}},"110":{"start":{"line":180,"column":16},"end":{"line":180,"column":47}},"111":{"start":{"line":183,"column":8},"end":{"line":183,"column":28}},"112":{"start":{"line":188,"column":25},"end":{"line":188,"column":83}},"113":{"start":{"line":189,"column":4},"end":{"line":190,"column":45}},"114":{"start":{"line":189,"column":22},"end":{"line":189,"column":32}},"115":{"start":{"line":190,"column":9},"end":{"line":190,"column":45}},"116":{"start":{"line":194,"column":17},"end":{"line":194,"column":19}},"117":{"start":{"line":195,"column":22},"end":{"line":195,"column":42}},"118":{"start":{"line":196,"column":35},"end":{"line":196,"column":37}},"119":{"start":{"line":197,"column":4},"end":{"line":201,"column":7}},"120":{"start":{"line":198,"column":8},"end":{"line":200,"column":49}},"121":{"start":{"line":199,"column":12},"end":{"line":199,"column":94}},"122":{"start":{"line":199,"column":58},"end":{"line":199,"column":92}},"123":{"start":{"line":200,"column":15},"end":{"line":200,"column":49}},"124":{"start":{"line":202,"column":27},"end":{"line":202,"column":29}},"125":{"start":{"line":203,"column":4},"end":{"line":212,"column":5}},"126":{"start":{"line":203,"column":16},"end":{"line":203,"column":17}},"127":{"start":{"line":204,"column":28},"end":{"line":204,"column":53}},"128":{"start":{"line":205,"column":29},"end":{"line":205,"column":54}},"129":{"start":{"line":206,"column":8},"end":{"line":206,"column":57}},"130":{"start":{"line":206,"column":25},"end":{"line":206,"column":57}},"131":{"start":{"line":207,"column":8},"end":{"line":207,"column":68}},"132":{"start":{"line":207,"column":38},"end":{"line":207,"column":68}},"133":{"start":{"line":208,"column":8},"end":{"line":211,"column":11}},"134":{"start":{"line":213,"column":4},"end":{"line":213,"column":18}},"135":{"start":{"line":217,"column":30},"end":{"line":217,"column":77}},"136":{"start":{"line":218,"column":4},"end":{"line":218,"column":39}},"137":{"start":{"line":218,"column":27},"end":{"line":218,"column":39}},"138":{"start":{"line":219,"column":23},"end":{"line":219,"column":43}},"139":{"start":{"line":220,"column":22},"end":{"line":220,"column":53}},"140":{"start":{"line":221,"column":4},"end":{"line":221,"column":21}},"141":{"start":{"line":226,"column":29},"end":{"line":226,"column":31}},"142":{"start":{"line":227,"column":4},"end":{"line":248,"column":7}},"143":{"start":{"line":229,"column":27},"end":{"line":236,"column":9}},"144":{"start":{"line":238,"column":8},"end":{"line":238,"column":37}},"145":{"start":{"line":240,"column":8},"end":{"line":247,"column":11}},"146":{"start":{"line":241,"column":30},"end":{"line":241,"column":54}},"147":{"start":{"line":242,"column":35},"end":{"line":242,"column":93}},"148":{"start":{"line":243,"column":12},"end":{"line":246,"column":13}},"149":{"start":{"line":249,"column":4},"end":{"line":249,"column":28}},"150":{"start":{"line":254,"column":4},"end":{"line":261,"column":5}},"151":{"start":{"line":255,"column":8},"end":{"line":255,"column":96}},"152":{"start":{"line":256,"column":8},"end":{"line":256,"column":98}},"153":{"start":{"line":259,"column":8},"end":{"line":259,"column":90}},"154":{"start":{"line":260,"column":8},"end":{"line":260,"column":94}},"155":{"start":{"line":268,"column":4},"end":{"line":268,"column":43}},"156":{"start":{"line":268,"column":26},"end":{"line":268,"column":43}},"157":{"start":{"line":269,"column":4},"end":{"line":269,"column":80}},"158":{"start":{"line":269,"column":63},"end":{"line":269,"column":80}},"159":{"start":{"line":271,"column":4},"end":{"line":292,"column":6}},"160":{"start":{"line":272,"column":8},"end":{"line":291,"column":9}},"161":{"start":{"line":273,"column":12},"end":{"line":273,"column":23}},"162":{"start":{"line":274,"column":15},"end":{"line":291,"column":9}},"163":{"start":{"line":275,"column":12},"end":{"line":281,"column":30}},"164":{"start":{"line":276,"column":16},"end":{"line":276,"column":63}},"165":{"start":{"line":277,"column":16},"end":{"line":277,"column":27}},"166":{"start":{"line":278,"column":19},"end":{"line":281,"column":30}},"167":{"start":{"line":279,"column":16},"end":{"line":279,"column":63}},"168":{"start":{"line":280,"column":16},"end":{"line":280,"column":73}},"169":{"start":{"line":281,"column":19},"end":{"line":281,"column":30}},"170":{"start":{"line":282,"column":15},"end":{"line":291,"column":9}},"171":{"start":{"line":283,"column":12},"end":{"line":283,"column":41}},"172":{"start":{"line":284,"column":12},"end":{"line":284,"column":23}},"173":{"start":{"line":285,"column":15},"end":{"line":291,"column":9}},"174":{"start":{"line":286,"column":12},"end":{"line":286,"column":23}},"175":{"start":{"line":287,"column":15},"end":{"line":291,"column":9}},"176":{"start":{"line":288,"column":12},"end":{"line":288,"column":75}},"177":{"start":{"line":290,"column":12},"end":{"line":290,"column":67}},"178":{"start":{"line":296,"column":17},"end":{"line":296,"column":29}},"179":{"start":{"line":297,"column":4},"end":{"line":299,"column":5}},"180":{"start":{"line":298,"column":8},"end":{"line":298,"column":31}},"181":{"start":{"line":303,"column":28},"end":{"line":303,"column":60}},"182":{"start":{"line":304,"column":19},"end":{"line":304,"column":42}},"183":{"start":{"line":305,"column":4},"end":{"line":305,"column":76}},"184":{"start":{"line":306,"column":4},"end":{"line":306,"column":69}},"185":{"start":{"line":307,"column":4},"end":{"line":307,"column":33}},"186":{"start":{"line":310,"column":4},"end":{"line":311,"column":95}},"187":{"start":{"line":310,"column":53},"end":{"line":310,"column":104}},"188":{"start":{"line":311,"column":9},"end":{"line":311,"column":95}},"189":{"start":{"line":313,"column":22},"end":{"line":313,"column":71}},"190":{"start":{"line":314,"column":4},"end":{"line":314,"column":61}},"191":{"start":{"line":314,"column":23},"end":{"line":314,"column":61}},"192":{"start":{"line":315,"column":4},"end":{"line":315,"column":23}},"193":{"start":{"line":318,"column":0},"end":{"line":318,"column":43}},"194":{"start":{"line":319,"column":0},"end":{"line":319,"column":45}},"195":{"start":{"line":320,"column":0},"end":{"line":320,"column":57}},"196":{"start":{"line":321,"column":0},"end":{"line":321,"column":55}},"197":{"start":{"line":322,"column":0},"end":{"line":322,"column":57}},"198":{"start":{"line":323,"column":0},"end":{"line":323,"column":33}},"199":{"start":{"line":324,"column":0},"end":{"line":324,"column":61}},"200":{"start":{"line":325,"column":0},"end":{"line":325,"column":73}},"201":{"start":{"line":326,"column":0},"end":{"line":326,"column":41}},"202":{"start":{"line":327,"column":0},"end":{"line":327,"column":43}},"203":{"start":{"line":328,"column":0},"end":{"line":328,"column":49}},"204":{"start":{"line":329,"column":0},"end":{"line":329,"column":51}},"205":{"start":{"line":330,"column":0},"end":{"line":330,"column":55}},"206":{"start":{"line":331,"column":0},"end":{"line":331,"column":77}},"207":{"start":{"line":332,"column":0},"end":{"line":332,"column":49}}},"fnMap":{"0":{"name":"(anonymous_0)","decl":{"start":{"line":14,"column":21},"end":{"line":14,"column":22}},"loc":{"start":{"line":17,"column":3},"end":{"line":64,"column":1}},"line":17},"1":{"name":"(anonymous_1)","decl":{"start":{"line":45,"column":22},"end":{"line":45,"column":23}},"loc":{"start":{"line":45,"column":31},"end":{"line":47,"column":5}},"line":45},"2":{"name":"(anonymous_2)","decl":{"start":{"line":48,"column":39},"end":{"line":48,"column":40}},"loc":{"start":{"line":48,"column":55},"end":{"line":50,"column":5}},"line":48},"3":{"name":"(anonymous_3)","decl":{"start":{"line":50,"column":11},"end":{"line":50,"column":12}},"loc":{"start":{"line":50,"column":27},"end":{"line":53,"column":5}},"line":50},"4":{"name":"validateInput","decl":{"start":{"line":66,"column":9},"end":{"line":66,"column":22}},"loc":{"start":{"line":66,"column":49},"end":{"line":95,"column":1}},"line":66},"5":{"name":"splitHeadKeyAndBody","decl":{"start":{"line":97,"column":9},"end":{"line":97,"column":28}},"loc":{"start":{"line":97,"column":38},"end":{"line":107,"column":1}},"line":97},"6":{"name":"getKeyStrFromField","decl":{"start":{"line":109,"column":9},"end":{"line":109,"column":27}},"loc":{"start":{"line":109,"column":35},"end":{"line":125,"column":1}},"line":109},"7":{"name":"getKeyObjectAndMode","decl":{"start":{"line":127,"column":9},"end":{"line":127,"column":28}},"loc":{"start":{"line":127,"column":37},"end":{"line":160,"column":1}},"line":127},"8":{"name":"(anonymous_8)","decl":{"start":{"line":152,"column":29},"end":{"line":152,"column":30}},"loc":{"start":{"line":152,"column":40},"end":{"line":156,"column":5}},"line":152},"9":{"name":"(anonymous_9)","decl":{"start":{"line":153,"column":34},"end":{"line":153,"column":35}},"loc":{"start":{"line":153,"column":43},"end":{"line":155,"column":9}},"line":153},"10":{"name":"(anonymous_10)","decl":{"start":{"line":158,"column":28},"end":{"line":158,"column":29}},"loc":{"start":{"line":158,"column":35},"end":{"line":158,"column":55}},"line":158},"11":{"name":"getClef","decl":{"start":{"line":162,"column":9},"end":{"line":162,"column":16}},"loc":{"start":{"line":162,"column":24},"end":{"line":169,"column":1}},"line":162},"12":{"name":"getVoiceNamesAndClefs","decl":{"start":{"line":171,"column":9},"end":{"line":171,"column":30}},"loc":{"start":{"line":171,"column":41},"end":{"line":185,"column":1}},"line":171},"13":{"name":"(anonymous_13)","decl":{"start":{"line":176,"column":34},"end":{"line":176,"column":35}},"loc":{"start":{"line":176,"column":50},"end":{"line":182,"column":9}},"line":176},"14":{"name":"getInstructionsFromKeyField","decl":{"start":{"line":187,"column":9},"end":{"line":187,"column":36}},"loc":{"start":{"line":187,"column":47},"end":{"line":191,"column":1}},"line":187},"15":{"name":"groupVoices","decl":{"start":{"line":193,"column":9},"end":{"line":193,"column":20}},"loc":{"start":{"line":193,"column":31},"end":{"line":214,"column":1}},"line":193},"16":{"name":"(anonymous_16)","decl":{"start":{"line":197,"column":22},"end":{"line":197,"column":23}},"loc":{"start":{"line":197,"column":30},"end":{"line":201,"column":5}},"line":197},"17":{"name":"(anonymous_17)","decl":{"start":{"line":199,"column":49},"end":{"line":199,"column":50}},"loc":{"start":{"line":199,"column":58},"end":{"line":199,"column":92}},"line":199},"18":{"name":"getVoiceName","decl":{"start":{"line":216,"column":9},"end":{"line":216,"column":21}},"loc":{"start":{"line":216,"column":33},"end":{"line":222,"column":1}},"line":216},"19":{"name":"transposeVoices","decl":{"start":{"line":225,"column":9},"end":{"line":225,"column":24}},"loc":{"start":{"line":225,"column":141},"end":{"line":250,"column":1}},"line":225},"20":{"name":"(anonymous_20)","decl":{"start":{"line":227,"column":32},"end":{"line":227,"column":33}},"loc":{"start":{"line":227,"column":45},"end":{"line":248,"column":5}},"line":227},"21":{"name":"(anonymous_21)","decl":{"start":{"line":240,"column":60},"end":{"line":240,"column":61}},"loc":{"start":{"line":240,"column":76},"end":{"line":247,"column":9}},"line":240},"22":{"name":"resetAccidentals","decl":{"start":{"line":252,"column":9},"end":{"line":252,"column":25}},"loc":{"start":{"line":252,"column":38},"end":{"line":262,"column":1}},"line":252},"23":{"name":"transposeVoiceLine","decl":{"start":{"line":265,"column":9},"end":{"line":265,"column":27}},"loc":{"start":{"line":265,"column":68},"end":{"line":293,"column":1}},"line":265},"24":{"name":"(anonymous_24)","decl":{"start":{"line":271,"column":91},"end":{"line":271,"column":92}},"loc":{"start":{"line":271,"column":98},"end":{"line":292,"column":4}},"line":271},"25":{"name":"checkForNewClefAndUpdateState","decl":{"start":{"line":295,"column":9},"end":{"line":295,"column":38}},"loc":{"start":{"line":295,"column":56},"end":{"line":300,"column":1}},"line":295},"26":{"name":"handleKeyChange","decl":{"start":{"line":302,"column":9},"end":{"line":302,"column":24}},"loc":{"start":{"line":302,"column":59},"end":{"line":316,"column":1}},"line":302}},"branchMap":{"0":{"loc":{"start":{"line":14,"column":51},"end":{"line":17,"column":1}},"type":"default-arg","locations":[{"start":{"line":14,"column":58},"end":{"line":17,"column":1}}],"line":14},"1":{"loc":{"start":{"line":31,"column":24},"end":{"line":31,"column":57}},"type":"binary-expr","locations":[{"start":{"line":31,"column":24},"end":{"line":31,"column":45}},{"start":{"line":31,"column":49},"end":{"line":31,"column":57}}],"line":31},"2":{"loc":{"start":{"line":49,"column":15},"end":{"line":49,"column":83}},"type":"binary-expr","locations":[{"start":{"line":49,"column":15},"end":{"line":49,"column":46}},{"start":{"line":49,"column":50},"end":{"line":49,"column":83}}],"line":49},"3":{"loc":{"start":{"line":56,"column":4},"end":{"line":60,"column":5}},"type":"if","locations":[{"start":{"line":56,"column":4},"end":{"line":60,"column":5}},{"start":{"line":58,"column":11},"end":{"line":60,"column":5}}],"line":56},"4":{"loc":{"start":{"line":67,"column":4},"end":{"line":67,"column":116}},"type":"if","locations":[{"start":{"line":67,"column":4},"end":{"line":67,"column":116}},{"start":{},"end":{}}],"line":67},"5":{"loc":{"start":{"line":68,"column":4},"end":{"line":68,"column":118}},"type":"if","locations":[{"start":{"line":68,"column":4},"end":{"line":68,"column":118}},{"start":{},"end":{}}],"line":68},"6":{"loc":{"start":{"line":69,"column":4},"end":{"line":69,"column":117}},"type":"if","locations":[{"start":{"line":69,"column":4},"end":{"line":69,"column":117}},{"start":{},"end":{}}],"line":69},"7":{"loc":{"start":{"line":71,"column":4},"end":{"line":71,"column":95}},"type":"if","locations":[{"start":{"line":71,"column":4},"end":{"line":71,"column":95}},{"start":{},"end":{}}],"line":71},"8":{"loc":{"start":{"line":73,"column":4},"end":{"line":75,"column":5}},"type":"if","locations":[{"start":{"line":73,"column":4},"end":{"line":75,"column":5}},{"start":{},"end":{}}],"line":73},"9":{"loc":{"start":{"line":73,"column":7},"end":{"line":73,"column":82}},"type":"binary-expr","locations":[{"start":{"line":73,"column":7},"end":{"line":73,"column":46}},{"start":{"line":73,"column":50},"end":{"line":73,"column":82}}],"line":73},"10":{"loc":{"start":{"line":76,"column":4},"end":{"line":79,"column":153}},"type":"if","locations":[{"start":{"line":76,"column":4},"end":{"line":79,"column":153}},{"start":{},"end":{}}],"line":76},"11":{"loc":{"start":{"line":77,"column":8},"end":{"line":78,"column":52}},"type":"binary-expr","locations":[{"start":{"line":77,"column":8},"end":{"line":77,"column":59}},{"start":{"line":78,"column":8},"end":{"line":78,"column":52}}],"line":77},"12":{"loc":{"start":{"line":81,"column":46},"end":{"line":81,"column":123}},"type":"cond-expr","locations":[{"start":{"line":81,"column":98},"end":{"line":81,"column":107}},{"start":{"line":81,"column":110},"end":{"line":81,"column":123}}],"line":81},"13":{"loc":{"start":{"line":82,"column":39},"end":{"line":82,"column":109}},"type":"cond-expr","locations":[{"start":{"line":82,"column":84},"end":{"line":82,"column":93}},{"start":{"line":82,"column":96},"end":{"line":82,"column":109}}],"line":82},"14":{"loc":{"start":{"line":84,"column":4},"end":{"line":86,"column":5}},"type":"if","locations":[{"start":{"line":84,"column":4},"end":{"line":86,"column":5}},{"start":{},"end":{}}],"line":84},"15":{"loc":{"start":{"line":84,"column":7},"end":{"line":84,"column":98}},"type":"binary-expr","locations":[{"start":{"line":84,"column":7},"end":{"line":84,"column":54}},{"start":{"line":84,"column":58},"end":{"line":84,"column":98}}],"line":84},"16":{"loc":{"start":{"line":88,"column":4},"end":{"line":93,"column":139}},"type":"if","locations":[{"start":{"line":88,"column":4},"end":{"line":93,"column":139}},{"start":{},"end":{}}],"line":88},"17":{"loc":{"start":{"line":89,"column":8},"end":{"line":92,"column":36}},"type":"binary-expr","locations":[{"start":{"line":89,"column":8},"end":{"line":89,"column":43}},{"start":{"line":90,"column":8},"end":{"line":90,"column":43}},{"start":{"line":91,"column":8},"end":{"line":91,"column":36}},{"start":{"line":92,"column":8},"end":{"line":92,"column":36}}],"line":89},"18":{"loc":{"start":{"line":99,"column":4},"end":{"line":101,"column":5}},"type":"if","locations":[{"start":{"line":99,"column":4},"end":{"line":101,"column":5}},{"start":{},"end":{}}],"line":99},"19":{"loc":{"start":{"line":99,"column":7},"end":{"line":99,"column":64}},"type":"binary-expr","locations":[{"start":{"line":99,"column":7},"end":{"line":99,"column":34}},{"start":{"line":99,"column":38},"end":{"line":99,"column":64}}],"line":99},"20":{"loc":{"start":{"line":112,"column":4},"end":{"line":123,"column":5}},"type":"if","locations":[{"start":{"line":112,"column":4},"end":{"line":123,"column":5}},{"start":{},"end":{}}],"line":112},"21":{"loc":{"start":{"line":114,"column":8},"end":{"line":122,"column":9}},"type":"if","locations":[{"start":{"line":114,"column":8},"end":{"line":122,"column":9}},{"start":{},"end":{}}],"line":114},"22":{"loc":{"start":{"line":114,"column":11},"end":{"line":114,"column":55}},"type":"binary-expr","locations":[{"start":{"line":114,"column":11},"end":{"line":114,"column":24}},{"start":{"line":114,"column":28},"end":{"line":114,"column":39}},{"start":{"line":114,"column":43},"end":{"line":114,"column":55}}],"line":114},"23":{"loc":{"start":{"line":119,"column":12},"end":{"line":121,"column":13}},"type":"if","locations":[{"start":{"line":119,"column":12},"end":{"line":121,"column":13}},{"start":{},"end":{}}],"line":119},"24":{"loc":{"start":{"line":119,"column":15},"end":{"line":119,"column":83}},"type":"binary-expr","locations":[{"start":{"line":119,"column":15},"end":{"line":119,"column":26}},{"start":{"line":119,"column":30},"end":{"line":119,"column":83}}],"line":119},"25":{"loc":{"start":{"line":131,"column":4},"end":{"line":133,"column":5}},"type":"if","locations":[{"start":{"line":131,"column":4},"end":{"line":133,"column":5}},{"start":{},"end":{}}],"line":131},"26":{"loc":{"start":{"line":131,"column":7},"end":{"line":131,"column":78}},"type":"binary-expr","locations":[{"start":{"line":131,"column":7},"end":{"line":131,"column":21}},{"start":{"line":131,"column":25},"end":{"line":131,"column":40}},{"start":{"line":131,"column":44},"end":{"line":131,"column":61}},{"start":{"line":131,"column":65},"end":{"line":131,"column":78}}],"line":131},"27":{"loc":{"start":{"line":137,"column":4},"end":{"line":151,"column":5}},"type":"if","locations":[{"start":{"line":137,"column":4},"end":{"line":151,"column":5}},{"start":{"line":139,"column":11},"end":{"line":151,"column":5}}],"line":137},"28":{"loc":{"start":{"line":139,"column":11},"end":{"line":151,"column":5}},"type":"if","locations":[{"start":{"line":139,"column":11},"end":{"line":151,"column":5}},{"start":{"line":141,"column":11},"end":{"line":151,"column":5}}],"line":139},"29":{"loc":{"start":{"line":141,"column":11},"end":{"line":151,"column":5}},"type":"if","locations":[{"start":{"line":141,"column":11},"end":{"line":151,"column":5}},{"start":{"line":143,"column":11},"end":{"line":151,"column":5}}],"line":141},"30":{"loc":{"start":{"line":143,"column":11},"end":{"line":151,"column":5}},"type":"if","locations":[{"start":{"line":143,"column":11},"end":{"line":151,"column":5}},{"start":{"line":145,"column":11},"end":{"line":151,"column":5}}],"line":143},"31":{"loc":{"start":{"line":145,"column":11},"end":{"line":151,"column":5}},"type":"if","locations":[{"start":{"line":145,"column":11},"end":{"line":151,"column":5}},{"start":{"line":147,"column":11},"end":{"line":151,"column":5}}],"line":145},"32":{"loc":{"start":{"line":147,"column":11},"end":{"line":151,"column":5}},"type":"if","locations":[{"start":{"line":147,"column":11},"end":{"line":151,"column":5}},{"start":{"line":149,"column":11},"end":{"line":151,"column":5}}],"line":147},"33":{"loc":{"start":{"line":149,"column":11},"end":{"line":151,"column":5}},"type":"if","locations":[{"start":{"line":149,"column":11},"end":{"line":151,"column":5}},{"start":{},"end":{}}],"line":149},"34":{"loc":{"start":{"line":157,"column":4},"end":{"line":157,"column":174}},"type":"if","locations":[{"start":{"line":157,"column":4},"end":{"line":157,"column":174}},{"start":{},"end":{}}],"line":157},"35":{"loc":{"start":{"line":164,"column":4},"end":{"line":168,"column":5}},"type":"if","locations":[{"start":{"line":164,"column":4},"end":{"line":168,"column":5}},{"start":{"line":165,"column":9},"end":{"line":168,"column":5}}],"line":164},"36":{"loc":{"start":{"line":173,"column":4},"end":{"line":184,"column":5}},"type":"if","locations":[{"start":{"line":173,"column":4},"end":{"line":184,"column":5}},{"start":{"line":174,"column":9},"end":{"line":184,"column":5}}],"line":173},"37":{"loc":{"start":{"line":179,"column":12},"end":{"line":181,"column":13}},"type":"if","locations":[{"start":{"line":179,"column":12},"end":{"line":181,"column":13}},{"start":{},"end":{}}],"line":179},"38":{"loc":{"start":{"line":179,"column":15},"end":{"line":179,"column":32}},"type":"binary-expr","locations":[{"start":{"line":179,"column":15},"end":{"line":179,"column":24}},{"start":{"line":179,"column":28},"end":{"line":179,"column":32}}],"line":179},"39":{"loc":{"start":{"line":189,"column":4},"end":{"line":190,"column":45}},"type":"if","locations":[{"start":{"line":189,"column":4},"end":{"line":190,"column":45}},{"start":{"line":190,"column":9},"end":{"line":190,"column":45}}],"line":189},"40":{"loc":{"start":{"line":198,"column":8},"end":{"line":200,"column":49}},"type":"if","locations":[{"start":{"line":198,"column":8},"end":{"line":200,"column":49}},{"start":{"line":200,"column":15},"end":{"line":200,"column":49}}],"line":198},"41":{"loc":{"start":{"line":206,"column":8},"end":{"line":206,"column":57}},"type":"if","locations":[{"start":{"line":206,"column":8},"end":{"line":206,"column":57}},{"start":{},"end":{}}],"line":206},"42":{"loc":{"start":{"line":207,"column":8},"end":{"line":207,"column":68}},"type":"if","locations":[{"start":{"line":207,"column":8},"end":{"line":207,"column":68}},{"start":{},"end":{}}],"line":207},"43":{"loc":{"start":{"line":218,"column":4},"end":{"line":218,"column":39}},"type":"if","locations":[{"start":{"line":218,"column":4},"end":{"line":218,"column":39}},{"start":{},"end":{}}],"line":218},"44":{"loc":{"start":{"line":235,"column":19},"end":{"line":235,"column":63}},"type":"binary-expr","locations":[{"start":{"line":235,"column":19},"end":{"line":235,"column":48}},{"start":{"line":235,"column":52},"end":{"line":235,"column":63}}],"line":235},"45":{"loc":{"start":{"line":254,"column":4},"end":{"line":261,"column":5}},"type":"if","locations":[{"start":{"line":254,"column":4},"end":{"line":261,"column":5}},{"start":{"line":258,"column":9},"end":{"line":261,"column":5}}],"line":254},"46":{"loc":{"start":{"line":254,"column":7},"end":{"line":254,"column":143}},"type":"binary-expr","locations":[{"start":{"line":254,"column":7},"end":{"line":254,"column":40}},{"start":{"line":254,"column":44},"end":{"line":254,"column":73}},{"start":{"line":254,"column":77},"end":{"line":254,"column":108}},{"start":{"line":254,"column":112},"end":{"line":254,"column":143}}],"line":254},"47":{"loc":{"start":{"line":268,"column":4},"end":{"line":268,"column":43}},"type":"if","locations":[{"start":{"line":268,"column":4},"end":{"line":268,"column":43}},{"start":{},"end":{}}],"line":268},"48":{"loc":{"start":{"line":269,"column":4},"end":{"line":269,"column":80}},"type":"if","locations":[{"start":{"line":269,"column":4},"end":{"line":269,"column":80}},{"start":{},"end":{}}],"line":269},"49":{"loc":{"start":{"line":269,"column":7},"end":{"line":269,"column":61}},"type":"binary-expr","locations":[{"start":{"line":269,"column":7},"end":{"line":269,"column":32}},{"start":{"line":269,"column":36},"end":{"line":269,"column":61}}],"line":269},"50":{"loc":{"start":{"line":272,"column":8},"end":{"line":291,"column":9}},"type":"if","locations":[{"start":{"line":272,"column":8},"end":{"line":291,"column":9}},{"start":{"line":274,"column":15},"end":{"line":291,"column":9}}],"line":272},"51":{"loc":{"start":{"line":274,"column":15},"end":{"line":291,"column":9}},"type":"if","locations":[{"start":{"line":274,"column":15},"end":{"line":291,"column":9}},{"start":{"line":282,"column":15},"end":{"line":291,"column":9}}],"line":274},"52":{"loc":{"start":{"line":275,"column":12},"end":{"line":281,"column":30}},"type":"if","locations":[{"start":{"line":275,"column":12},"end":{"line":281,"column":30}},{"start":{"line":278,"column":19},"end":{"line":281,"column":30}}],"line":275},"53":{"loc":{"start":{"line":275,"column":15},"end":{"line":275,"column":47}},"type":"binary-expr","locations":[{"start":{"line":275,"column":15},"end":{"line":275,"column":29}},{"start":{"line":275,"column":33},"end":{"line":275,"column":47}}],"line":275},"54":{"loc":{"start":{"line":278,"column":19},"end":{"line":281,"column":30}},"type":"if","locations":[{"start":{"line":278,"column":19},"end":{"line":281,"column":30}},{"start":{"line":281,"column":19},"end":{"line":281,"column":30}}],"line":278},"55":{"loc":{"start":{"line":278,"column":22},"end":{"line":278,"column":54}},"type":"binary-expr","locations":[{"start":{"line":278,"column":22},"end":{"line":278,"column":36}},{"start":{"line":278,"column":40},"end":{"line":278,"column":54}}],"line":278},"56":{"loc":{"start":{"line":282,"column":15},"end":{"line":291,"column":9}},"type":"if","locations":[{"start":{"line":282,"column":15},"end":{"line":291,"column":9}},{"start":{"line":285,"column":15},"end":{"line":291,"column":9}}],"line":282},"57":{"loc":{"start":{"line":285,"column":15},"end":{"line":291,"column":9}},"type":"if","locations":[{"start":{"line":285,"column":15},"end":{"line":291,"column":9}},{"start":{"line":287,"column":15},"end":{"line":291,"column":9}}],"line":285},"58":{"loc":{"start":{"line":285,"column":18},"end":{"line":285,"column":114}},"type":"binary-expr","locations":[{"start":{"line":285,"column":18},"end":{"line":285,"column":49}},{"start":{"line":285,"column":53},"end":{"line":285,"column":84}},{"start":{"line":285,"column":88},"end":{"line":285,"column":114}}],"line":285},"59":{"loc":{"start":{"line":287,"column":15},"end":{"line":291,"column":9}},"type":"if","locations":[{"start":{"line":287,"column":15},"end":{"line":291,"column":9}},{"start":{"line":289,"column":15},"end":{"line":291,"column":9}}],"line":287},"60":{"loc":{"start":{"line":287,"column":18},"end":{"line":287,"column":84}},"type":"binary-expr","locations":[{"start":{"line":287,"column":18},"end":{"line":287,"column":51}},{"start":{"line":287,"column":55},"end":{"line":287,"column":84}}],"line":287},"61":{"loc":{"start":{"line":297,"column":4},"end":{"line":299,"column":5}},"type":"if","locations":[{"start":{"line":297,"column":4},"end":{"line":299,"column":5}},{"start":{},"end":{}}],"line":297},"62":{"loc":{"start":{"line":310,"column":4},"end":{"line":311,"column":95}},"type":"if","locations":[{"start":{"line":310,"column":4},"end":{"line":311,"column":95}},{"start":{"line":311,"column":9},"end":{"line":311,"column":95}}],"line":310},"63":{"loc":{"start":{"line":314,"column":4},"end":{"line":314,"column":61}},"type":"if","locations":[{"start":{"line":314,"column":4},"end":{"line":314,"column":61}},{"start":{},"end":{}}],"line":314}},"s":{"0":21,"1":21,"2":21,"3":21,"4":21,"5":21,"6":21,"7":12,"8":12,"9":12,"10":12,"11":12,"12":12,"13":12,"14":12,"15":12,"16":12,"17":12,"18":13,"19":13,"20":27,"21":12,"22":15,"23":12,"24":27,"25":13,"26":13,"27":12,"28":12,"29":12,"30":1,"31":11,"32":12,"33":12,"34":12,"35":22,"36":2,"37":20,"38":1,"39":19,"40":1,"41":18,"42":1,"43":17,"44":1,"45":16,"46":1,"47":15,"48":15,"49":15,"50":1,"51":14,"52":1,"53":13,"54":15,"55":15,"56":2,"57":13,"58":13,"59":13,"60":13,"61":31,"62":31,"63":31,"64":28,"65":28,"66":23,"67":23,"68":23,"69":5,"70":31,"71":40,"72":6,"73":34,"74":34,"75":34,"76":2,"77":32,"78":2,"79":30,"80":2,"81":28,"82":2,"83":26,"84":5,"85":21,"86":2,"87":19,"88":2,"89":34,"90":109,"91":128,"92":34,"93":1,"94":33,"95":35,"96":33,"97":38,"98":38,"99":23,"100":15,"101":15,"102":15,"103":15,"104":13,"105":2,"106":2,"107":3,"108":3,"109":3,"110":2,"111":2,"112":20,"113":20,"114":16,"115":4,"116":14,"117":14,"118":14,"119":14,"120":30,"121":2,"122":6,"123":28,"124":14,"125":14,"126":14,"127":34,"128":34,"129":34,"130":3,"131":34,"132":16,"133":34,"134":14,"135":40,"136":40,"137":32,"138":8,"139":8,"140":8,"141":13,"142":13,"143":16,"144":16,"145":16,"146":39,"147":39,"148":39,"149":13,"150":79,"151":20,"152":20,"153":59,"154":59,"155":56,"156":15,"157":41,"158":3,"159":38,"160":292,"161":3,"162":289,"163":13,"164":7,"165":7,"166":6,"167":5,"168":5,"169":1,"170":276,"171":55,"172":55,"173":221,"174":44,"175":177,"176":36,"177":141,"178":14,"179":14,"180":6,"181":7,"182":7,"183":7,"184":7,"185":7,"186":7,"187":1,"188":6,"189":7,"190":7,"191":6,"192":7,"193":21,"194":21,"195":21,"196":21,"197":21,"198":21,"199":21,"200":21,"201":21,"202":21,"203":21,"204":21,"205":21,"206":21,"207":21},"f":{"0":12,"1":15,"2":27,"3":13,"4":22,"5":15,"6":31,"7":40,"8":109,"9":128,"10":35,"11":38,"12":15,"13":3,"14":20,"15":14,"16":30,"17":6,"18":40,"19":13,"20":16,"21":39,"22":79,"23":56,"24":292,"25":14,"26":7},"b":{"0":[3],"1":[12,12],"2":[27,13],"3":[1,11],"4":[2,20],"5":[1,19],"6":[1,18],"7":[1,17],"8":[1,16],"9":[17,16],"10":[1,15],"11":[16,15],"12":[14,1],"13":[14,1],"14":[1,14],"15":[15,14],"16":[1,13],"17":[14,14,13,13],"18":[2,13],"19":[15,14],"20":[28,3],"21":[23,5],"22":[28,26,24],"23":[5,18],"24":[23,17],"25":[6,34],"26":[40,38,37,36],"27":[2,32],"28":[2,30],"29":[2,28],"30":[2,26],"31":[5,21],"32":[2,19],"33":[2,17],"34":[1,33],"35":[23,15],"36":[13,2],"37":[2,1],"38":[3,3],"39":[16,4],"40":[2,28],"41":[3,31],"42":[16,18],"43":[32,8],"44":[16,15],"45":[20,59],"46":[79,72,66,59],"47":[15,41],"48":[3,38],"49":[41,40],"50":[3,289],"51":[13,276],"52":[7,6],"53":[13,10],"54":[5,1],"55":[6,6],"56":[55,221],"57":[44,177],"58":[221,187,187],"59":[36,141],"60":[177,152],"61":[6,8],"62":[1,6],"63":[6,1]},"_coverageSchema":"1a1c01bbd47fc00a2c39e90264f33305004495a9","hash":"d6bfc5860377a9e0c259fcf9c47465e384483485"}
,"C:\\Users\\Owner\\Desktop\\code\\npm-packages\\abc-notation-transposition\\functions\\transpose-key.js": {"path":"C:\\Users\\Owner\\Desktop\\code\\npm-packages\\abc-notation-transposition\\functions\\transpose-key.js","statementMap":{"0":{"start":{"line":7,"column":4},"end":{"line":7,"column":27}},"1":{"start":{"line":8,"column":29},"end":{"line":8,"column":54}},"2":{"start":{"line":11,"column":0},"end":{"line":98,"column":1}},"3":{"start":{"line":13,"column":4},"end":{"line":13,"column":80}},"4":{"start":{"line":13,"column":69},"end":{"line":13,"column":80}},"5":{"start":{"line":15,"column":17},"end":{"line":15,"column":66}},"6":{"start":{"line":16,"column":15},"end":{"line":16,"column":22}},"7":{"start":{"line":17,"column":4},"end":{"line":31,"column":5}},"8":{"start":{"line":18,"column":8},"end":{"line":18,"column":24}},"9":{"start":{"line":19,"column":11},"end":{"line":31,"column":5}},"10":{"start":{"line":20,"column":8},"end":{"line":20,"column":26}},"11":{"start":{"line":21,"column":11},"end":{"line":31,"column":5}},"12":{"start":{"line":22,"column":8},"end":{"line":22,"column":28}},"13":{"start":{"line":23,"column":11},"end":{"line":31,"column":5}},"14":{"start":{"line":24,"column":8},"end":{"line":24,"column":24}},"15":{"start":{"line":25,"column":11},"end":{"line":31,"column":5}},"16":{"start":{"line":26,"column":8},"end":{"line":26,"column":23}},"17":{"start":{"line":27,"column":11},"end":{"line":31,"column":5}},"18":{"start":{"line":28,"column":8},"end":{"line":28,"column":25}},"19":{"start":{"line":29,"column":11},"end":{"line":31,"column":5}},"20":{"start":{"line":30,"column":8},"end":{"line":30,"column":25}},"21":{"start":{"line":32,"column":32},"end":{"line":36,"column":6}},"22":{"start":{"line":33,"column":8},"end":{"line":35,"column":18}},"23":{"start":{"line":34,"column":14},"end":{"line":34,"column":42}},"24":{"start":{"line":37,"column":26},"end":{"line":39,"column":6}},"25":{"start":{"line":38,"column":8},"end":{"line":38,"column":36}},"26":{"start":{"line":40,"column":30},"end":{"line":40,"column":71}},"27":{"start":{"line":43,"column":4},"end":{"line":96,"column":5}},"28":{"start":{"line":44,"column":8},"end":{"line":44,"column":48}},"29":{"start":{"line":47,"column":9},"end":{"line":96,"column":5}},"30":{"start":{"line":48,"column":8},"end":{"line":61,"column":9}},"31":{"start":{"line":49,"column":12},"end":{"line":49,"column":52}},"32":{"start":{"line":51,"column":13},"end":{"line":61,"column":9}},"33":{"start":{"line":52,"column":12},"end":{"line":52,"column":52}},"34":{"start":{"line":54,"column":13},"end":{"line":61,"column":9}},"35":{"start":{"line":57,"column":12},"end":{"line":57,"column":52}},"36":{"start":{"line":60,"column":12},"end":{"line":60,"column":52}},"37":{"start":{"line":64,"column":9},"end":{"line":96,"column":5}},"38":{"start":{"line":65,"column":8},"end":{"line":76,"column":9}},"39":{"start":{"line":68,"column":12},"end":{"line":70,"column":59}},"40":{"start":{"line":69,"column":16},"end":{"line":69,"column":56}},"41":{"start":{"line":70,"column":19},"end":{"line":70,"column":59}},"42":{"start":{"line":73,"column":12},"end":{"line":75,"column":59}},"43":{"start":{"line":74,"column":16},"end":{"line":74,"column":56}},"44":{"start":{"line":75,"column":19},"end":{"line":75,"column":59}},"45":{"start":{"line":78,"column":8},"end":{"line":95,"column":9}},"46":{"start":{"line":79,"column":12},"end":{"line":79,"column":52}},"47":{"start":{"line":81,"column":13},"end":{"line":95,"column":9}},"48":{"start":{"line":82,"column":12},"end":{"line":82,"column":52}},"49":{"start":{"line":84,"column":13},"end":{"line":95,"column":9}},"50":{"start":{"line":87,"column":12},"end":{"line":89,"column":59}},"51":{"start":{"line":88,"column":16},"end":{"line":88,"column":56}},"52":{"start":{"line":89,"column":19},"end":{"line":89,"column":59}},"53":{"start":{"line":92,"column":12},"end":{"line":94,"column":59}},"54":{"start":{"line":93,"column":16},"end":{"line":93,"column":56}},"55":{"start":{"line":94,"column":19},"end":{"line":94,"column":59}},"56":{"start":{"line":97,"column":4},"end":{"line":97,"column":28}}},"fnMap":{"0":{"name":"(anonymous_0)","decl":{"start":{"line":11,"column":30},"end":{"line":11,"column":31}},"loc":{"start":{"line":11,"column":62},"end":{"line":98,"column":1}},"line":11},"1":{"name":"(anonymous_1)","decl":{"start":{"line":32,"column":47},"end":{"line":32,"column":48}},"loc":{"start":{"line":32,"column":60},"end":{"line":36,"column":5}},"line":32},"2":{"name":"(anonymous_2)","decl":{"start":{"line":33,"column":34},"end":{"line":33,"column":35}},"loc":{"start":{"line":33,"column":43},"end":{"line":35,"column":9}},"line":33},"3":{"name":"(anonymous_3)","decl":{"start":{"line":37,"column":61},"end":{"line":37,"column":62}},"loc":{"start":{"line":37,"column":70},"end":{"line":39,"column":5}},"line":37}},"branchMap":{"0":{"loc":{"start":{"line":13,"column":4},"end":{"line":13,"column":80}},"type":"if","locations":[{"start":{"line":13,"column":4},"end":{"line":13,"column":80}},{"start":{},"end":{}}],"line":13},"1":{"loc":{"start":{"line":13,"column":7},"end":{"line":13,"column":67}},"type":"binary-expr","locations":[{"start":{"line":13,"column":7},"end":{"line":13,"column":19}},{"start":{"line":13,"column":23},"end":{"line":13,"column":35}},{"start":{"line":13,"column":39},"end":{"line":13,"column":53}},{"start":{"line":13,"column":57},"end":{"line":13,"column":67}}],"line":13},"2":{"loc":{"start":{"line":17,"column":4},"end":{"line":31,"column":5}},"type":"if","locations":[{"start":{"line":17,"column":4},"end":{"line":31,"column":5}},{"start":{"line":19,"column":11},"end":{"line":31,"column":5}}],"line":17},"3":{"loc":{"start":{"line":19,"column":11},"end":{"line":31,"column":5}},"type":"if","locations":[{"start":{"line":19,"column":11},"end":{"line":31,"column":5}},{"start":{"line":21,"column":11},"end":{"line":31,"column":5}}],"line":19},"4":{"loc":{"start":{"line":21,"column":11},"end":{"line":31,"column":5}},"type":"if","locations":[{"start":{"line":21,"column":11},"end":{"line":31,"column":5}},{"start":{"line":23,"column":11},"end":{"line":31,"column":5}}],"line":21},"5":{"loc":{"start":{"line":23,"column":11},"end":{"line":31,"column":5}},"type":"if","locations":[{"start":{"line":23,"column":11},"end":{"line":31,"column":5}},{"start":{"line":25,"column":11},"end":{"line":31,"column":5}}],"line":23},"6":{"loc":{"start":{"line":25,"column":11},"end":{"line":31,"column":5}},"type":"if","locations":[{"start":{"line":25,"column":11},"end":{"line":31,"column":5}},{"start":{"line":27,"column":11},"end":{"line":31,"column":5}}],"line":25},"7":{"loc":{"start":{"line":27,"column":11},"end":{"line":31,"column":5}},"type":"if","locations":[{"start":{"line":27,"column":11},"end":{"line":31,"column":5}},{"start":{"line":29,"column":11},"end":{"line":31,"column":5}}],"line":27},"8":{"loc":{"start":{"line":29,"column":11},"end":{"line":31,"column":5}},"type":"if","locations":[{"start":{"line":29,"column":11},"end":{"line":31,"column":5}},{"start":{},"end":{}}],"line":29},"9":{"loc":{"start":{"line":43,"column":4},"end":{"line":96,"column":5}},"type":"if","locations":[{"start":{"line":43,"column":4},"end":{"line":96,"column":5}},{"start":{"line":47,"column":9},"end":{"line":96,"column":5}}],"line":43},"10":{"loc":{"start":{"line":47,"column":9},"end":{"line":96,"column":5}},"type":"if","locations":[{"start":{"line":47,"column":9},"end":{"line":96,"column":5}},{"start":{"line":64,"column":9},"end":{"line":96,"column":5}}],"line":47},"11":{"loc":{"start":{"line":48,"column":8},"end":{"line":61,"column":9}},"type":"if","locations":[{"start":{"line":48,"column":8},"end":{"line":61,"column":9}},{"start":{"line":51,"column":13},"end":{"line":61,"column":9}}],"line":48},"12":{"loc":{"start":{"line":51,"column":13},"end":{"line":61,"column":9}},"type":"if","locations":[{"start":{"line":51,"column":13},"end":{"line":61,"column":9}},{"start":{"line":54,"column":13},"end":{"line":61,"column":9}}],"line":51},"13":{"loc":{"start":{"line":54,"column":13},"end":{"line":61,"column":9}},"type":"if","locations":[{"start":{"line":54,"column":13},"end":{"line":61,"column":9}},{"start":{"line":59,"column":13},"end":{"line":61,"column":9}}],"line":54},"14":{"loc":{"start":{"line":54,"column":16},"end":{"line":55,"column":137}},"type":"binary-expr","locations":[{"start":{"line":54,"column":16},"end":{"line":54,"column":86}},{"start":{"line":55,"column":13},"end":{"line":55,"column":87}},{"start":{"line":55,"column":91},"end":{"line":55,"column":136}}],"line":54},"15":{"loc":{"start":{"line":64,"column":9},"end":{"line":96,"column":5}},"type":"if","locations":[{"start":{"line":64,"column":9},"end":{"line":96,"column":5}},{"start":{"line":77,"column":11},"end":{"line":96,"column":5}}],"line":64},"16":{"loc":{"start":{"line":65,"column":8},"end":{"line":76,"column":9}},"type":"if","locations":[{"start":{"line":65,"column":8},"end":{"line":76,"column":9}},{"start":{"line":72,"column":13},"end":{"line":76,"column":9}}],"line":65},"17":{"loc":{"start":{"line":65,"column":11},"end":{"line":66,"column":137}},"type":"binary-expr","locations":[{"start":{"line":65,"column":11},"end":{"line":65,"column":81}},{"start":{"line":66,"column":13},"end":{"line":66,"column":87}},{"start":{"line":66,"column":91},"end":{"line":66,"column":136}}],"line":65},"18":{"loc":{"start":{"line":68,"column":12},"end":{"line":70,"column":59}},"type":"if","locations":[{"start":{"line":68,"column":12},"end":{"line":70,"column":59}},{"start":{"line":70,"column":19},"end":{"line":70,"column":59}}],"line":68},"19":{"loc":{"start":{"line":73,"column":12},"end":{"line":75,"column":59}},"type":"if","locations":[{"start":{"line":73,"column":12},"end":{"line":75,"column":59}},{"start":{"line":75,"column":19},"end":{"line":75,"column":59}}],"line":73},"20":{"loc":{"start":{"line":78,"column":8},"end":{"line":95,"column":9}},"type":"if","locations":[{"start":{"line":78,"column":8},"end":{"line":95,"column":9}},{"start":{"line":81,"column":13},"end":{"line":95,"column":9}}],"line":78},"21":{"loc":{"start":{"line":81,"column":13},"end":{"line":95,"column":9}},"type":"if","locations":[{"start":{"line":81,"column":13},"end":{"line":95,"column":9}},{"start":{"line":84,"column":13},"end":{"line":95,"column":9}}],"line":81},"22":{"loc":{"start":{"line":84,"column":13},"end":{"line":95,"column":9}},"type":"if","locations":[{"start":{"line":84,"column":13},"end":{"line":95,"column":9}},{"start":{"line":91,"column":13},"end":{"line":95,"column":9}}],"line":84},"23":{"loc":{"start":{"line":84,"column":16},"end":{"line":85,"column":137}},"type":"binary-expr","locations":[{"start":{"line":84,"column":16},"end":{"line":84,"column":86}},{"start":{"line":85,"column":13},"end":{"line":85,"column":87}},{"start":{"line":85,"column":91},"end":{"line":85,"column":136}}],"line":84},"24":{"loc":{"start":{"line":87,"column":12},"end":{"line":89,"column":59}},"type":"if","locations":[{"start":{"line":87,"column":12},"end":{"line":89,"column":59}},{"start":{"line":89,"column":19},"end":{"line":89,"column":59}}],"line":87},"25":{"loc":{"start":{"line":92,"column":12},"end":{"line":94,"column":59}},"type":"if","locations":[{"start":{"line":92,"column":12},"end":{"line":94,"column":59}},{"start":{"line":94,"column":19},"end":{"line":94,"column":59}}],"line":92}},"s":{"0":22,"1":22,"2":22,"3":75,"4":4,"5":71,"6":71,"7":71,"8":1,"9":70,"10":1,"11":69,"12":1,"13":68,"14":1,"15":67,"16":3,"17":64,"18":1,"19":63,"20":1,"21":71,"22":379,"23":455,"24":71,"25":77,"26":71,"27":71,"28":38,"29":33,"30":15,"31":5,"32":10,"33":2,"34":8,"35":4,"36":4,"37":18,"38":15,"39":6,"40":6,"41":0,"42":9,"43":0,"44":9,"45":3,"46":1,"47":2,"48":2,"49":0,"50":0,"51":0,"52":0,"53":0,"54":0,"55":0,"56":71},"f":{"0":75,"1":379,"2":455,"3":77},"b":{"0":[4,71],"1":[75,74,74,73],"2":[1,70],"3":[1,69],"4":[1,68],"5":[1,67],"6":[3,64],"7":[1,63],"8":[1,62],"9":[38,33],"10":[15,18],"11":[5,10],"12":[2,8],"13":[4,4],"14":[8,6,4],"15":[15,3],"16":[6,9],"17":[15,10,4],"18":[6,0],"19":[0,9],"20":[1,2],"21":[2,0],"22":[0,0],"23":[0,0,0],"24":[0,0],"25":[0,0]},"_coverageSchema":"1a1c01bbd47fc00a2c39e90264f33305004495a9","hash":"bfcf6a0726044f877ec95dc5ef3c07b61c98f400"}
,"C:\\Users\\Owner\\Desktop\\code\\npm-packages\\abc-notation-transposition\\functions\\transpose-pitch-by-key.js": {"path":"C:\\Users\\Owner\\Desktop\\code\\npm-packages\\abc-notation-transposition\\functions\\transpose-pitch-by-key.js","statementMap":{"0":{"start":{"line":1,"column":49},"end":{"line":1,"column":72}},"1":{"start":{"line":8,"column":4},"end":{"line":8,"column":36}},"2":{"start":{"line":10,"column":0},"end":{"line":37,"column":1}},"3":{"start":{"line":15,"column":47},"end":{"line":15,"column":57}},"4":{"start":{"line":17,"column":32},"end":{"line":17,"column":61}},"5":{"start":{"line":18,"column":30},"end":{"line":18,"column":63}},"6":{"start":{"line":19,"column":32},"end":{"line":19,"column":67}},"7":{"start":{"line":21,"column":32},"end":{"line":21,"column":101}},"8":{"start":{"line":23,"column":34},"end":{"line":23,"column":105}},"9":{"start":{"line":25,"column":29},"end":{"line":25,"column":57}},"10":{"start":{"line":27,"column":4},"end":{"line":29,"column":106}},"11":{"start":{"line":27,"column":28},"end":{"line":27,"column":122}},"12":{"start":{"line":29,"column":9},"end":{"line":29,"column":106}},"13":{"start":{"line":31,"column":38},"end":{"line":31,"column":127}},"14":{"start":{"line":32,"column":71},"end":{"line":32,"column":191}},"15":{"start":{"line":34,"column":34},"end":{"line":34,"column":103}},"16":{"start":{"line":35,"column":4},"end":{"line":35,"column":99}},"17":{"start":{"line":35,"column":26},"end":{"line":35,"column":99}},"18":{"start":{"line":36,"column":4},"end":{"line":36,"column":35}},"19":{"start":{"line":41,"column":4},"end":{"line":43,"column":5}},"20":{"start":{"line":42,"column":8},"end":{"line":42,"column":93}},"21":{"start":{"line":44,"column":18},"end":{"line":44,"column":20}},"22":{"start":{"line":45,"column":22},"end":{"line":45,"column":78}},"23":{"start":{"line":45,"column":58},"end":{"line":45,"column":77}},"24":{"start":{"line":46,"column":24},"end":{"line":46,"column":37}},"25":{"start":{"line":47,"column":4},"end":{"line":49,"column":5}},"26":{"start":{"line":47,"column":16},"end":{"line":47,"column":25}},"27":{"start":{"line":48,"column":8},"end":{"line":48,"column":44}},"28":{"start":{"line":50,"column":4},"end":{"line":50,"column":38}},"29":{"start":{"line":56,"column":4},"end":{"line":58,"column":5}},"30":{"start":{"line":57,"column":8},"end":{"line":57,"column":86}},"31":{"start":{"line":59,"column":4},"end":{"line":59,"column":104}},"32":{"start":{"line":59,"column":34},"end":{"line":59,"column":104}},"33":{"start":{"line":60,"column":18},"end":{"line":60,"column":20}},"34":{"start":{"line":61,"column":22},"end":{"line":61,"column":78}},"35":{"start":{"line":61,"column":58},"end":{"line":61,"column":77}},"36":{"start":{"line":62,"column":24},"end":{"line":62,"column":37}},"37":{"start":{"line":63,"column":4},"end":{"line":65,"column":5}},"38":{"start":{"line":63,"column":16},"end":{"line":63,"column":25}},"39":{"start":{"line":64,"column":8},"end":{"line":64,"column":44}},"40":{"start":{"line":66,"column":4},"end":{"line":66,"column":30}},"41":{"start":{"line":73,"column":4},"end":{"line":73,"column":108}},"42":{"start":{"line":73,"column":36},"end":{"line":73,"column":108}},"43":{"start":{"line":74,"column":4},"end":{"line":74,"column":83}},"44":{"start":{"line":74,"column":44},"end":{"line":74,"column":83}},"45":{"start":{"line":75,"column":35},"end":{"line":75,"column":60}},"46":{"start":{"line":76,"column":4},"end":{"line":76,"column":116}},"47":{"start":{"line":76,"column":32},"end":{"line":76,"column":116}},"48":{"start":{"line":77,"column":4},"end":{"line":117,"column":5}},"49":{"start":{"line":79,"column":12},"end":{"line":90,"column":13}},"50":{"start":{"line":81,"column":20},"end":{"line":81,"column":30}},"51":{"start":{"line":83,"column":20},"end":{"line":83,"column":30}},"52":{"start":{"line":85,"column":20},"end":{"line":85,"column":29}},"53":{"start":{"line":87,"column":20},"end":{"line":87,"column":29}},"54":{"start":{"line":89,"column":20},"end":{"line":89,"column":29}},"55":{"start":{"line":92,"column":12},"end":{"line":103,"column":13}},"56":{"start":{"line":94,"column":20},"end":{"line":94,"column":30}},"57":{"start":{"line":96,"column":20},"end":{"line":96,"column":29}},"58":{"start":{"line":98,"column":20},"end":{"line":98,"column":29}},"59":{"start":{"line":100,"column":20},"end":{"line":100,"column":29}},"60":{"start":{"line":102,"column":20},"end":{"line":102,"column":29}},"61":{"start":{"line":105,"column":12},"end":{"line":116,"column":13}},"62":{"start":{"line":107,"column":20},"end":{"line":107,"column":30}},"63":{"start":{"line":109,"column":20},"end":{"line":109,"column":30}},"64":{"start":{"line":111,"column":20},"end":{"line":111,"column":30}},"65":{"start":{"line":113,"column":20},"end":{"line":113,"column":29}},"66":{"start":{"line":115,"column":20},"end":{"line":115,"column":29}},"67":{"start":{"line":122,"column":35},"end":{"line":122,"column":60}},"68":{"start":{"line":123,"column":16},"end":{"line":123,"column":27}},"69":{"start":{"line":125,"column":4},"end":{"line":142,"column":129}},"70":{"start":{"line":125,"column":40},"end":{"line":125,"column":76}},"71":{"start":{"line":126,"column":9},"end":{"line":142,"column":129}},"72":{"start":{"line":127,"column":8},"end":{"line":129,"column":31}},"73":{"start":{"line":127,"column":43},"end":{"line":127,"column":60}},"74":{"start":{"line":128,"column":13},"end":{"line":129,"column":31}},"75":{"start":{"line":128,"column":48},"end":{"line":128,"column":65}},"76":{"start":{"line":129,"column":13},"end":{"line":129,"column":31}},"77":{"start":{"line":130,"column":11},"end":{"line":142,"column":129}},"78":{"start":{"line":131,"column":8},"end":{"line":133,"column":30}},"79":{"start":{"line":131,"column":43},"end":{"line":131,"column":61}},"80":{"start":{"line":132,"column":13},"end":{"line":133,"column":30}},"81":{"start":{"line":132,"column":48},"end":{"line":132,"column":65}},"82":{"start":{"line":133,"column":13},"end":{"line":133,"column":30}},"83":{"start":{"line":134,"column":11},"end":{"line":142,"column":129}},"84":{"start":{"line":135,"column":8},"end":{"line":137,"column":131}},"85":{"start":{"line":135,"column":43},"end":{"line":135,"column":60}},"86":{"start":{"line":136,"column":13},"end":{"line":137,"column":131}},"87":{"start":{"line":136,"column":48},"end":{"line":136,"column":66}},"88":{"start":{"line":137,"column":13},"end":{"line":137,"column":131}},"89":{"start":{"line":138,"column":11},"end":{"line":142,"column":129}},"90":{"start":{"line":139,"column":8},"end":{"line":141,"column":30}},"91":{"start":{"line":139,"column":43},"end":{"line":139,"column":161}},"92":{"start":{"line":140,"column":13},"end":{"line":141,"column":30}},"93":{"start":{"line":140,"column":48},"end":{"line":140,"column":66}},"94":{"start":{"line":141,"column":13},"end":{"line":141,"column":30}},"95":{"start":{"line":142,"column":11},"end":{"line":142,"column":129}},"96":{"start":{"line":145,"column":4},"end":{"line":149,"column":5}},"97":{"start":{"line":145,"column":48},"end":{"line":145,"column":74}},"98":{"start":{"line":147,"column":8},"end":{"line":147,"column":46}},"99":{"start":{"line":148,"column":8},"end":{"line":148,"column":33}},"100":{"start":{"line":150,"column":4},"end":{"line":150,"column":50}},"101":{"start":{"line":154,"column":26},"end":{"line":154,"column":62}},"102":{"start":{"line":155,"column":28},"end":{"line":157,"column":6}},"103":{"start":{"line":156,"column":8},"end":{"line":156,"column":50}},"104":{"start":{"line":158,"column":33},"end":{"line":158,"column":100}},"105":{"start":{"line":162,"column":4},"end":{"line":171,"column":5}},"106":{"start":{"line":163,"column":33},"end":{"line":163,"column":63}},"107":{"start":{"line":164,"column":28},"end":{"line":164,"column":58}},"108":{"start":{"line":165,"column":8},"end":{"line":170,"column":9}},"109":{"start":{"line":166,"column":12},"end":{"line":166,"column":48}},"110":{"start":{"line":167,"column":12},"end":{"line":167,"column":52}},"111":{"start":{"line":168,"column":12},"end":{"line":168,"column":38}},"112":{"start":{"line":169,"column":12},"end":{"line":169,"column":18}},"113":{"start":{"line":172,"column":4},"end":{"line":184,"column":5}},"114":{"start":{"line":175,"column":30},"end":{"line":175,"column":82}},"115":{"start":{"line":175,"column":65},"end":{"line":175,"column":81}},"116":{"start":{"line":176,"column":8},"end":{"line":179,"column":9}},"117":{"start":{"line":177,"column":12},"end":{"line":178,"column":95}},"118":{"start":{"line":177,"column":46},"end":{"line":177,"column":124}},"119":{"start":{"line":177,"column":99},"end":{"line":177,"column":122}},"120":{"start":{"line":178,"column":17},"end":{"line":178,"column":95}},"121":{"start":{"line":178,"column":70},"end":{"line":178,"column":94}},"122":{"start":{"line":180,"column":8},"end":{"line":180,"column":64}},"123":{"start":{"line":181,"column":8},"end":{"line":181,"column":62}},"124":{"start":{"line":182,"column":8},"end":{"line":182,"column":72}},"125":{"start":{"line":183,"column":8},"end":{"line":183,"column":33}},"126":{"start":{"line":185,"column":4},"end":{"line":185,"column":76}},"127":{"start":{"line":188,"column":0},"end":{"line":188,"column":77}},"128":{"start":{"line":189,"column":0},"end":{"line":189,"column":77}}},"fnMap":{"0":{"name":"(anonymous_0)","decl":{"start":{"line":10,"column":37},"end":{"line":10,"column":38}},"loc":{"start":{"line":14,"column":2},"end":{"line":37,"column":1}},"line":14},"1":{"name":"getScaleDegreeFromPitchLetter","decl":{"start":{"line":40,"column":9},"end":{"line":40,"column":38}},"loc":{"start":{"line":40,"column":63},"end":{"line":51,"column":1}},"line":40},"2":{"name":"(anonymous_2)","decl":{"start":{"line":45,"column":49},"end":{"line":45,"column":50}},"loc":{"start":{"line":45,"column":58},"end":{"line":45,"column":77}},"line":45},"3":{"name":"getPitchLetterFromScaleDegree","decl":{"start":{"line":55,"column":9},"end":{"line":55,"column":38}},"loc":{"start":{"line":55,"column":63},"end":{"line":67,"column":1}},"line":55},"4":{"name":"(anonymous_4)","decl":{"start":{"line":61,"column":49},"end":{"line":61,"column":50}},"loc":{"start":{"line":61,"column":58},"end":{"line":61,"column":77}},"line":61},"5":{"name":"getDeviationFromKeySignature","decl":{"start":{"line":72,"column":9},"end":{"line":72,"column":37}},"loc":{"start":{"line":72,"column":77},"end":{"line":118,"column":1}},"line":72},"6":{"name":"applyDeviation","decl":{"start":{"line":121,"column":9},"end":{"line":121,"
[...]
"line":76},"10":{"loc":{"start":{"line":77,"column":4},"end":{"line":117,"column":5}},"type":"switch","locations":[{"start":{"line":78,"column":8},"end":{"line":90,"column":13}},{"start":{"line":91,"column":8},"end":{"line":103,"column":13}},{"start":{"line":104,"column":8},"end":{"line":116,"column":13}}],"line":77},"11":{"loc":{"start":{"line":79,"column":12},"end":{"line":90,"column":13}},"type":"switch","locations":[{"start":{"line":80,"column":16},"end":{"line":81,"column":30}},{"start":{"line":82,"column":16},"end":{"line":83,"column":30}},{"start":{"line":84,"column":16},"end":{"line":85,"column":29}},{"start":{"line":86,"column":16},"end":{"line":87,"column":29}},{"start":{"line":88,"column":16},"end":{"line":89,"column":29}}],"line":79},"12":{"loc":{"start":{"line":92,"column":12},"end":{"line":103,"column":13}},"type":"switch","locations":[{"start":{"line":93,"column":16},"end":{"line":94,"column":30}},{"start":{"line":95,"column":16},"end":{"line":96,"column":29}},{"start":{"line":97,"column":16},"end":{"line":98,"column":29}},{"start":{"line":99,"column":16},"end":{"line":100,"column":29}},{"start":{"line":101,"column":16},"end":{"line":102,"column":29}}],"line":92},"13":{"loc":{"start":{"line":105,"column":12},"end":{"line":116,"column":13}},"type":"switch","locations":[{"start":{"line":106,"column":16},"end":{"line":107,"column":30}},{"start":{"line":108,"column":16},"end":{"line":109,"column":30}},{"start":{"line":110,"column":16},"end":{"line":111,"column":30}},{"start":{"line":112,"column":16},"end":{"line":113,"column":29}},{"start":{"line":114,"column":16},"end":{"line":115,"column":29}}],"line":105},"14":{"loc":{"start":{"line":125,"column":4},"end":{"line":142,"column":129}},"type":"if","locations":[{"start":{"line":125,"column":4},"end":{"line":142,"column":129}},{"start":{"line":126,"column":9},"end":{"line":142,"column":129}}],"line":125},"15":{"loc":{"start":{"line":126,"column":9},"end":{"line":142,"column":129}},"type":"if","locations":[{"start":{"line":126,"column":9},"end":{"line":142,"column":129}},{"start":{"line":130,"column":11},"end":{"line":142,"column":129}}],"line":126},"16":{"loc":{"start":{"line":127,"column":8},"end":{"line":129,"column":31}},"type":"if","locations":[{"start":{"line":127,"column":8},"end":{"line":129,"column":31}},{"start":{"line":128,"column":13},"end":{"line":129,"column":31}}],"line":127},"17":{"loc":{"start":{"line":128,"column":13},"end":{"line":129,"column":31}},"type":"if","locations":[{"start":{"line":128,"column":13},"end":{"line":129,"column":31}},{"start":{"line":129,"column":13},"end":{"line":129,"column":31}}],"line":128},"18":{"loc":{"start":{"line":130,"column":11},"end":{"line":142,"column":129}},"type":"if","locations":[{"start":{"line":130,"column":11},"end":{"line":142,"column":129}},{"start":{"line":134,"column":11},"end":{"line":142,"column":129}}],"line":130},"19":{"loc":{"start":{"line":131,"column":8},"end":{"line":133,"column":30}},"type":"if","locations":[{"start":{"line":131,"column":8},"end":{"line":133,"column":30}},{"start":{"line":132,"column":13},"end":{"line":133,"column":30}}],"line":131},"20":{"loc":{"start":{"line":132,"column":13},"end":{"line":133,"column":30}},"type":"if","locations":[{"start":{"line":132,"column":13},"end":{"line":133,"column":30}},{"start":{"line":133,"column":13},"end":{"line":133,"column":30}}],"line":132},"21":{"loc":{"start":{"line":134,"column":11},"end":{"line":142,"column":129}},"type":"if","locations":[{"start":{"line":134,"column":11},"end":{"line":142,"column":129}},{"start":{"line":138,"column":11},"end":{"line":142,"column":129}}],"line":134},"22":{"loc":{"start":{"line":135,"column":8},"end":{"line":137,"column":131}},"type":"if","locations":[{"start":{"line":135,"column":8},"end":{"line":137,"column":131}},{"start":{"line":136,"column":13},"end":{"line":137,"column":131}}],"line":135},"23":{"loc":{"start":{"line":136,"column":13},"end":{"line":137,"column":131}},"type":"if","locations":[{"start":{"line":136,"column":13},"end":{"line":137,"column":131}},{"start":{"line":137,"column":13},"end":{"line":137,"column":131}}],"line":136},"24":{"loc":{"start":{"line":138,"column":11},"end":{"line":142,"column":129}},"type":"if","locations":[{"start":{"line":138,"column":11},"end":{"line":142,"column":129}},{"start":{"line":142,"column":11},"end":{"line":142,"column":129}}],"line":138},"25":{"loc":{"start":{"line":139,"column":8},"end":{"line":141,"column":30}},"type":"if","locations":[{"start":{"line":139,"column":8},"end":{"line":141,"column":30}},{"start":{"line":140,"column":13},"end":{"line":141,"column":30}}],"line":139},"26":{"loc":{"start":{"line":140,"column":13},"end":{"line":141,"column":30}},"type":"if","locations":[{"start":{"line":140,"column":13},"end":{"line":141,"column":30}},{"start":{"line":141,"column":13},"end":{"line":141,"column":30}}],"line":140},"27":{"loc":{"start":{"line":145,"column":4},"end":{"line":149,"column":5}},"type":"if","locations":[{"start":{"line":145,"column":4},"end":{"line":149,"column":5}},{"start":{"line":146,"column":9},"end":{"line":149,"column":5}}],"line":145},"28":{"loc":{"start":{"line":165,"column":8},"end":{"line":170,"column":9}},"type":"if","locations":[{"start":{"line":165,"column":8},"end":{"line":170,"column":9}},{"start":{},"end":{}}],"line":165},"29":{"loc":{"start":{"line":172,"column":4},"end":{"line":184,"column":5}},"type":"if","locations":[{"start":{"line":172,"column":4},"end":{"line":184,"column":5}},{"start":{},"end":{}}],"line":172},"30":{"loc":{"start":{"line":176,"column":8},"end":{"line":179,"column":9}},"type":"if","locations":[{"start":{"line":176,"column":8},"end":{"line":179,"column":9}},{"start":{},"end":{}}],"line":176},"31":{"loc":{"start":{"line":177,"column":12},"end":{"line":178,"column":95}},"type":"if","locations":[{"start":{"line":177,"column":12},"end":{"line":178,"column":95}},{"start":{"line":178,"column":17},"end":{"line":178,"column":95}}],"line":177}},"s":{"0":22,"1":22,"2":22,"3":143,"4":143,"5":143,"6":143,"7":143,"8":143,"9":143,"10":143,"11":134,"12":9,"13":143,"14":143,"15":143,"16":143,"17":9,"18":143,"19":143,"20":0,"21":143,"22":143,"23":529,"24":143,"25":143,"26":143,"27":1001,"28":143,"29":143,"30":0,"31":143,"32":0,"33":143,"34":143,"35":602,"36":143,"37":143,"38":143,"39":1001,"40":143,"41":143,"42":0,"43":143,"44":0,"45":143,"46":143,"47":0,"48":143,"49":108,"50":0,"51":4,"52":100,"53":4,"54":0,"55":22,"56":0,"57":21,"58":1,"59":0,"60":0,"61":13,"62":0,"63":0,"64":0,"65":13,"66":0,"67":143,"68":143,"69":143,"70":134,"71":9,"72":5,"73":1,"74":4,"75":2,"76":2,"77":4,"78":4,"79":0,"80":4,"81":2,"82":2,"83":0,"84":0,"85":0,"86":0,"87":0,"88":0,"89":0,"90":0,"91":0,"92":0,"93":0,"94":0,"95":0,"96":143,"97":134,"98":9,"99":9,"100":143,"101":0,"102":0,"103":0,"104":0,"105":0,"106":0,"107":0,"108":0,"109":0,"110":0,"111":0,"112":0,"113":0,"114":0,"115":0,"116":0,"117":0,"118":0,"119":0,"120":0,"121":0,"122":0,"123":0,"124":0,"125":0,"126":0,"127":22,"128":22},"f":{"0":143,"1":143,"2":529,"3":143,"4":602,"5":143,"6":143,"7":0,"8":0,"9":0,"10":0,"11":0},"b":{"0":[134,9],"1":[9,134],"2":[0,143],"3":[143,143],"4":[0,143],"5":[143,143,143],"6":[0,143],"7":[0,143],"8":[0,143],"9":[0,143],"10":[108,22,13],"11":[0,4,100,4,0],"12":[0,21,1,0,0],"13":[0,0,0,13,0],"14":[134,9],"15":[5,4],"16":[1,4],"17":[2,2],"18":[4,0],"19":[0,4],"20":[2,2],"21":[0,0],"22":[0,0],"23":[0,0],"24":[0,0],"25":[0,0],"26":[0,0],"27":[134,9],"28":[0,0],"29":[0,0],"30":[0,0],"31":[0,0]},"_coverageSchema":"1a1c01bbd47fc00a2c39e90264f33305004495a9","hash":"924d8c16c60a7389d61192f29c0fc8206808fde3"}
,"C:\\Users\\Owner\\Desktop\\code\\npm-packages\\abc-notation-transposition\\functions\\transposition-utils.js": {"path":"C:\\Users\\Owner\\Desktop\\code\\npm-packages\\abc-notation-transposition\\functions\\transposition-utils.js","statementMap":{"0":{"start":{"line":1,"column":22},"end":{"line":1,"column":47}},"1":{"start":{"line":5,"column":20},"end":{"line":5,"column":41}},"2":{"start":{"line":6,"column":4},"end":{"line":6,"column":109}},"3":{"start":{"line":6,"column":17},"end":{"line":6,"column":109}},"4":{"start":{"line":7,"column":4},"end":{"line":7,"column":36}},"5":{"start":{"line":12,"column":20},"end":{"line":12,"column":49}},"6":{"start":{"line":13,"column":4},"end":{"line":14,"column":27}},"7":{"start":{"line":13,"column":17},"end":{"line":13,"column":29}},"8":{"start":{"line":14,"column":9},"end":{"line":14,"column":27}},"9":{"start":{"line":20,"column":23},"end":{"line":20,"column":53}},"10":{"start":{"line":21,"column":4},"end":{"line":21,"column":112}},"11":{"start":{"line":21,"column":20},"end":{"line":21,"column":112}},"12":{"start":{"line":22,"column":4},"end":{"line":22,"column":22}},"13":{"start":{"line":27,"column":4},"end":{"line":27,"column":48}},"14":{"start":{"line":31,"column":32},"end":{"line":31,"column":101}},"15":{"start":{"line":32,"column":4},"end":{"line":32,"column":91}},"16":{"start":{"line":37,"column":30},"end":{"line":37,"column":31}},"17":{"start":{"line":38,"column":4},"end":{"line":47,"column":5}},"18":{"start":{"line":39,"column":8},"end":{"line":46,"column":9}},"19":{"start":{"line":40,"column":12},"end":{"line":40,"column":28}},"20":{"start":{"line":41,"column":12},"end":{"line":41,"column":34}},"21":{"start":{"line":44,"column":12},"end":{"line":44,"column":28}},"22":{"start":{"line":45,"column":12},"end":{"line":45,"column":34}},"23":{"start":{"line":48,"column":20},"end":{"line":48,"column":55}},"24":{"start":{"line":50,"column":32},"end":{"line":50,"column":61}},"25":{"start":{"line":51,"column":4},"end":{"line":58,"column":5}},"26":{"start":{"line":52,"column":8},"end":{"line":52,"column":30}},"27":{"start":{"line":53,"column":11},"end":{"line":58,"column":5}},"28":{"start":{"line":54,"column":8},"end":{"line":54,"column":30}},"29":{"start":{"line":55,"column":11},"end":{"line":58,"column":5}},"30":{"start":{"line":56,"column":8},"end":{"line":57,"column":100}},"31":{"start":{"line":56,"column":73},"end":{"line":56,"column":95}},"32":{"start":{"line":57,"column":13},"end":{"line":57,"column":100}},"33":{"start":{"line":57,"column":78},"end":{"line":57,"column":100}},"34":{"start":{"line":59,"column":4},"end":{"line":59,"column":31}},"35":{"start":{"line":63,"column":32},"end":{"line":63,"column":66}},"36":{"start":{"line":65,"column":22},"end":{"line":69,"column":5}},"37":{"start":{"line":71,"column":4},"end":{"line":95,"column":5}},"38":{"start":{"line":72,"column":8},"end":{"line":94,"column":9}},"39":{"start":{"line":73,"column":12},"end":{"line":82,"column":13}},"40":{"start":{"line":74,"column":16},"end":{"line":74,"column":44}},"41":{"start":{"line":75,"column":16},"end":{"line":75,"column":38}},"42":{"start":{"line":76,"column":19},"end":{"line":82,"column":13}},"43":{"start":{"line":77,"column":16},"end":{"line":77,"column":40}},"44":{"start":{"line":78,"column":16},"end":{"line":78,"column":38}},"45":{"start":{"line":80,"column":16},"end":{"line":80,"column":43}},"46":{"start":{"line":81,"column":16},"end":{"line":81,"column":38}},"47":{"start":{"line":84,"column":12},"end":{"line":93,"column":13}},"48":{"start":{"line":85,"column":16},"end":{"line":85,"column":39}},"49":{"start":{"line":86,"column":16},"end":{"line":86,"column":38}},"50":{"start":{"line":87,"column":19},"end":{"line":93,"column":13}},"51":{"start":{"line":88,"column":16},"end":{"line":88,"column":40}},"52":{"start":{"line":89,"column":16},"end":{"line":89,"column":38}},"53":{"start":{"line":91,"column":16},"end":{"line":91,"column":48}},"54":{"start":{"line":92,"column":16},"end":{"line":92,"column":38}},"55":{"start":{"line":96,"column":4},"end":{"line":97,"column":69}},"56":{"start":{"line":96,"column":35},"end":{"line":96,"column":95}},"57":{"start":{"line":97,"column":9},"end":{"line":97,"column":69}},"58":{"start":{"line":98,"column":4},"end":{"line":98,"column":55}},"59":{"start":{"line":99,"column":4},"end":{"line":99,"column":60}},"60":{"start":{"line":100,"column":4},"end":{"line":100,"column":33}},"61":{"start":{"line":103,"column":0},"end":{"line":103,"column":47}},"62":{"start":{"line":104,"column":0},"end":{"line":104,"column":45}},"63":{"start":{"line":105,"column":0},"end":{"line":105,"column":57}},"64":{"start":{"line":106,"column":0},"end":{"line":106,"column":65}},"65":{"start":{"line":107,"column":0},"end":{"line":107,"column":71}},"66":{"start":{"line":108,"column":0},"end":{"line":108,"column":59}},"67":{"start":{"line":109,"column":0},"end":{"line":109,"column":59}}},"fnMap":{"0":{"name":"getPitchLetter","decl":{"start":{"line":4,"column":9},"end":{"line":4,"column":23}},"loc":{"start":{"line":4,"column":32},"end":{"line":8,"column":1}},"line":4},"1":{"name":"getAccidental","decl":{"start":{"line":11,"column":9},"end":{"line":11,"column":22}},"loc":{"start":{"line":11,"column":31},"end":{"line":15,"column":1}},"line":11},"2":{"name":"getStoredAccidental","decl":{"start":{"line":19,"column":9},"end":{"line":19,"column":28}},"loc":{"start":{"line":19,"column":62},"end":{"line":23,"column":1}},"line":19},"3":{"name":"updateStoredAccidentals","decl":{"start":{"line":26,"column":9},"end":{"line":26,"column":32}},"loc":{"start":{"line":26,"column":78},"end":{"line":28,"column":1}},"line":26},"4":{"name":"getTransposedPitchAtOctave","decl":{"start":{"line":30,"column":9},"end":{"line":30,"column":35}},"loc":{"start":{"line":30,"column":86},"end":{"line":33,"column":1}},"line":30},"5":{"name":"countOctaveModifiers","decl":{"start":{"line":35,"column":9},"end":{"line":35,"column":29}},"loc":{"start":{"line":35,"column":80},"end":{"line":60,"column":1}},"line":35},"6":{"name":"applyOctaveModifiers","decl":{"start":{"line":62,"column":9},"end":{"line":62,"column":29}},"loc":{"start":{"line":62,"column":90},"end":{"line":101,"column":1}},"line":62}},"branchMap":{"0":{"loc":{"start":{"line":6,"column":4},"end":{"line":6,"column":109}},"type":"if","locations":[{"start":{"line":6,"column":4},"end":{"line":6,"column":109}},{"start":{},"end":{}}],"line":6},"1":{"loc":{"start":{"line":13,"column":4},"end":{"line":14,"column":27}},"type":"if","locations":[{"start":{"line":13,"column":4},"end":{"line":14,"column":27}},{"start":{"line":14,"column":9},"end":{"line":14,"column":27}}],"line":13},"2":{"loc":{"start":{"line":21,"column":4},"end":{"line":21,"column":112}},"type":"if","locations":[{"start":{"line":21,"column":4},"end":{"line":21,"column":112}},{"start":{},"end":{}}],"line":21},"3":{"loc":{"start":{"line":39,"column":8},"end":{"line":46,"column":9}},"type":"if","locations":[{"start":{"line":39,"column":8},"end":{"line":46,"column":9}},{"start":{"line":43,"column":13},"end":{"line":46,"column":9}}],"line":39},"4":{"loc":{"start":{"line":51,"column":4},"end":{"line":58,"column":5}},"type":"if","locations":[{"start":{"line":51,"column":4},"end":{"line":58,"column":5}},{"start":{"line":53,"column":11},"end":{"line":58,"column":5}}],"line":51},"5":{"loc":{"start":{"line":51,"column":7},"end":{"line":51,"column":101}},"type":"binary-expr","locations":[{"start":{"line":51,"column":7},"end":{"line":51,"column":20}},{"start":{"line":51,"column":24},"end":{"line":51,"column":101}}],"line":51},"6":{"loc":{"start":{"line":53,"column":11},"end":{"line":58,"column":5}},"type":"if","locations":[{"start":{"line":53,"column":11},"end":{"line":58,"column":5}},{"start":{"line":55,"column":11},"end":{"line":58,"column":5}}],"line":53},"7":{"loc":{"start":{"line":53,"column":14},"end":{"line":53,"column":108}},"type":"binary-expr","locations":[{"start":{"line":53,"column":14},"end":{"line":53,"column":27}},{"start":{"line":53,"column":31},"end":{"line":53,"column":108}}],"line":53},"8":{"loc":{"start":{"line":55,"column":11},"end":{"line":58,"column":5}},"type":"if","locations":[{"start":{"line":55,"column":11},"end":{"line":58,"column":5}},{"start":{},"end":{}}],"line":55},"9":{"loc":{"start":{"line":56,"column":8},"end":{"line":57,"column":100}},"type":"if","locations":[{"start":{"line":56,"column":8},"end":{"line":57,"column":100}},{"start":{"line":57,"column":13},"end":{"line":57,"column":100}}],"line":56},"10":{"loc":{"start":{"line":56,"column":11},"end":{"line":56,"column":71}},"type":"binary-expr","locations":[{"start":{"line":56,"column":11},"end":{"line":56,"column":38}},{"start":{"line":56,"column":42},"end":{"line":56,"column":71}}],"line":56},"11":{"loc":{"start":{"line":57,"column":13},"end":{"line":57,"column":100}},"type":"if","locations":[{"start":{"line":57,"column":13},"end":{"line":57,"column":100}},{"start":{},"end":{}}],"line":57},"12":{"loc":{"start":{"line":57,"column":16},"end":{"line":57,"column":76}},"type":"binary-expr","locations":[{"start":{"line":57,"column":16},"end":{"line":57,"column":43}},{"start":{"line":57,"column":47},"end":{"line":57,"column":76}}],"line":57},"13":{"loc":{"start":{"line":66,"column":16},"end":{"line":66,"column":76}},"type":"cond-expr","locations":[{"start":{"line":66,"column":46},"end":{"line":66,"column":71}},{"start":{"line":66,"column":74},"end":{"line":66,"column":76}}],"line":66},"14":{"loc":{"start":{"line":67,"column":14},"end":{"line":67,"column":66}},"type":"cond-expr","locations":[{"start":{"line":67,"column":49},"end":{"line":67,"column":56}},{"start":{"line":67,"column":59},"end":{"line":67,"column":66}}],"line":67},"15":{"loc":{"start":{"line":68,"column":21},"end":{"line":68,"column":81}},"type":"cond-expr","locations":[{"start":{"line":68,"column":51},"end":{"line":68,"column":76}},{"start":{"line":68,"column":79},"end":{"line":68,"column":81}}],"line":68},"16":{"loc":{"start":{"line":72,"column":8},"end":{"line":94,"column":9}},"type":"if","locations":[{"start":{"line":72,"column":8},"end":{"line":94,"column":9}},{"start":{"line":83,"column":15},"end":{"line":94,"column":9}}],"line":72},"17":{"loc":{"start":{"line":73,"column":12},"end":{"line":82,"column":13}},"type":"if","locations":[{"start":{"line":73,"column":12},"end":{"line":82,"column":13}},{"start":{"line":76,"column":19},"end":{"line":82,"column":13}}],"line":73},"18":{"loc":{"start":{"line":76,"column":19},"end":{"line":82,"column":13}},"type":"if","locations":[{"start":{"line":76,"column":19},"end":{"line":82,"column":13}},{"start":{"line":79,"column":19},"end":{"line":82,"column":13}}],"line":76},"19":{"loc":{"start":{"line":84,"column":12},"end":{"line":93,"column":13}},"type":"if","locations":[{"start":{"line":84,"column":12},"end":{"line":93,"column":13}},{"start":{"line":87,"column":19},"end":{"line":93,"column":13}}],"line":84},"20":{"loc":{"start":{"line":87,"column":19},"end":{"line":93,"column":13}},"type":"if","locations":[{"start":{"line":87,"column":19},"end":{"line":93,"column":13}},{"start":{"line":90,"column":19},"end":{"line":93,"column":13}}],"line":87},"21":{"loc":{"start":{"line":96,"column":4},"end":{"line":97,"column":69}},"type":"if","locations":[{"start":{"line":96,"column":4},"end":{"line":97,"column":69}},{"start":{"line":97,"column":9},"end":{"line":97,"column":69}}],"line":96}},"s":{"0":30,"1":742,"2":742,"3":1,"4":741,"5":238,"6":238,"7":158,"8":80,"9":208,"10":208,"11":1,"12":207,"13":54,"14":204,"15":204,"16":214,"17":214,"18":19,"19":6,"20":6,"21":13,"22":13,"23":214,"24":214,"25":214,"26":13,"27":201,"28":20,"29":181,"30":57,"31":3,"32":54,"33":3,"34":214,"35":219,"36":219,"37":219,"38":60,"39":22,"40":6,"41":6,"42":16,"43":9,"44":9,"45":7,"46":7,"47":38,"48":6,"49":6,"50":32,"51":25,"52":25,"53":7,"54":7,"55":219,"56":146,"57":73,"58":219,"59":219,"60":219,"61":30,"62":30,"63":30,"64":30,"65":30,"66":30,"67":30},"f":{"0":742,"1":238,"2":208,"3":54,"4":204,"5":214,"6":219},"b":{"0":[1,741],"1":[158,80],"2":[1,207],"3":[6,13],"4":[13,201],"5":[214,56],"6":[20,181],"7":[201,101],"8":[57,124],"9":[3,54],"10":[57,10],"11":[3,51],"12":[54,10],"13":[10,209],"14":[162,57],"15":[8,211],"16":[22,38],"17":[6,16],"18":[9,7],"19":[6,32],"20":[25,7],"21":[146,73]},"_coverageSchema":"1a1c01bbd47fc00a2c39e90264f33305004495a9","hash":"435749755cb054fea5733824d857d7832351fcfa"}
}
