TN:
SF:index.js
FNF:0
FNH:0
DA:1,7
DA:2,7
DA:4,7
DA:5,7
DA:6,7
DA:7,7
LF:6
LH:6
BRF:0
BRH:0
end_of_record
TN:
SF:classes\ImproperlyFormattedABCNotationError.js
FN:2,(anonymous_0)
FNF:1
FNH:1
FNDA:6,(anonymous_0)
DA:3,6
DA:5,6
DA:6,6
DA:8,6
DA:13,25
LF:5
LH:5
BRDA:5,0,0,6
BRF:1
BRH:1
end_of_record
TN:
SF:classes\SimpleCircularArray.js
FN:4,(anonymous_0)
FN:8,(anonymous_1)
FN:21,(anonymous_2)
FN:25,(anonymous_3)
FN:32,(anonymous_4)
FNF:5
FNH:5
FNDA:90,(anonymous_0)
FNDA:2411,(anonymous_1)
FNDA:37,(anonymous_2)
FNDA:406,(anonymous_3)
FNDA:39,(anonymous_4)
DA:5,90
DA:9,2411
DA:12,2410
DA:13,905
DA:15,2410
DA:16,538
DA:18,2410
DA:22,37
DA:26,406
DA:27,1803
DA:29,3
DA:33,39
DA:34,140
DA:36,3
DA:40,26
LF:15
LH:15
BRDA:4,0,0,4
BRDA:9,1,0,1
BRDA:9,1,1,2410
BRDA:12,2,0,905
BRDA:12,2,1,1505
BRDA:27,3,0,403
BRDA:27,3,1,1400
BRDA:34,4,0,36
BRDA:34,4,1,104
BRF:9
BRH:9
end_of_record
TN:
SF:classes\index.js
FNF:0
FNH:0
DA:1,25
DA:2,25
DA:4,25
DA:5,25
LF:4
LH:4
BRF:0
BRH:0
end_of_record
TN:
SF:constants\error-messages.js
FNF:0
FNH:0
DA:2,25
DA:5,25
DA:8,25
DA:15,25
DA:18,25
DA:25,25
LF:6
LH:6
BRF:0
BRH:0
end_of_record
TN:
SF:constants\index.js
FNF:0
FNH:0
DA:1,25
DA:2,25
DA:3,25
DA:4,25
DA:5,25
DA:6,25
DA:8,25
DA:9,25
DA:10,25
DA:11,25
DA:12,25
DA:13,25
DA:14,25
DA:15,25
DA:16,25
LF:15
LH:15
BRF:0
BRH:0
end_of_record
TN:
SF:constants\intervals.js
FNF:0
FNH:0
DA:1,25
LF:1
LH:1
BRF:0
BRH:0
end_of_record
TN:
SF:constants\keys.js
FNF:0
FNH:0
DA:1,25
DA:2,25
DA:5,25
LF:3
LH:3
BRF:0
BRH:0
end_of_record
TN:
SF:constants\pitches.js
FNF:0
FNH:0
DA:1,25
DA:3,25
DA:5,25
LF:3
LH:3
BRF:0
BRH:0
end_of_record
TN:
SF:constants\preferences.js
FNF:0
FNH:0
DA:1,25
DA:6,25
DA:12,25
DA:19,25
LF:4
LH:4
BRF:0
BRH:0
end_of_record
TN:
SF:constants\regular-expressions.js
FNF:0
FNH:0
DA:2,25
DA:22,25
LF:2
LH:2
BRF:0
BRH:0
end_of_record
TN:
SF:functions\index.js
FNF:0
FNH:0
DA:1,7
LF:1
LH:1
BRF:0
BRH:0
end_of_record
TN:
SF:functions\string-utils.js
FN:1,(anonymous_0)
FN:5,(anonymous_1)
FN:9,(anonymous_2)
FNF:3
FNH:3
FNDA:221,(anonymous_0)
FNDA:664,(anonymous_1)
FNDA:17,(anonymous_2)
DA:1,32
DA:2,221
DA:5,32
DA:6,664
DA:9,32
DA:10,17
DA:11,2
DA:13,17
DA:14,2
DA:16,17
LF:10
LH:10
BRDA:10,0,0,2
BRDA:10,0,1,15
BRDA:13,1,0,2
BRDA:13,1,1,15
BRF:4
BRH:4
end_of_record
TN:
SF:functions\tranpose-pitch-chromatically.js
FN:4,(anonymous_0)
FN:10,(anonymous_1)
FN:19,(anonymous_2)
FN:21,(anonymous_3)
FN:22,(anonymous_4)
FNF:5
FNH:5
FNDA:44,(anonymous_0)
FNDA:272,(anonymous_1)
FNDA:77,(anonymous_2)
FNDA:7,(anonymous_3)
FNDA:22,(anonymous_4)
DA:1,22
DA:2,22
DA:4,22
DA:5,44
DA:6,44
DA:7,44
DA:8,22
DA:9,44
DA:10,44
DA:11,272
DA:13,44
DA:19,77
DA:20,44
DA:21,19
DA:22,22
DA:24,44
DA:25,44
DA:26,44
DA:27,44
DA:28,21
DA:29,21
DA:30,23
DA:31,44
DA:32,44
DA:33,44
LF:25
LH:25
BRDA:7,0,0,22
BRDA:7,0,1,22
BRDA:20,1,0,19
BRDA:20,1,1,25
BRDA:21,2,0,5
BRDA:21,2,1,14
BRDA:21,3,0,19
BRDA:21,3,1,16
BRDA:21,3,2,14
BRDA:27,4,0,21
BRDA:27,4,1,23
BRDA:32,5,0,21
BRDA:32,5,1,23
BRF:13
BRH:13
end_of_record
TN:
SF:functions\transpose-abc.js
FN:14,(anonymous_0)
FN:45,(anonymous_1)
FN:48,(anonymous_2)
FN:50,(anonymous_3)
FN:66,validateInput
FN:97,splitHeadKeyAndBody
FN:109,getKeyStrFromField
FN:127,getKeyObjectAndMode
FN:152,(anonymous_8)
FN:153,(anonymous_9)
FN:158,(anonymous_10)
FN:162,getClef
FN:171,getVoiceNamesAndClefs
FN:176,(anonymous_13)
FN:187,getInstructionsFromKeyField
FN:193,groupVoices
FN:197,(anonymous_16)
FN:199,(anonymous_17)
FN:216,getVoiceName
FN:225,transposeVoices
FN:227,(anonymous_20)
FN:240,(anonymous_21)
FN:252,resetAccidentals
FN:265,transposeVoiceLine
FN:271,(anonymous_24)
FN:295,checkForNewClefAndUpdateState
FN:302,handleKeyChange
FNF:27
FNH:27
FNDA:12,(anonymous_0)
FNDA:15,(anonymous_1)
FNDA:27,(anonymous_2)
FNDA:13,(anonymous_3)
FNDA:22,validateInput
FNDA:15,splitHeadKeyAndBody
FNDA:31,getKeyStrFromField
FNDA:40,getKeyObjectAndMode
FNDA:109,(anonymous_8)
FNDA:128,(anonymous_9)
FNDA:35,(anonymous_10)
FNDA:38,getClef
FNDA:15,getVoiceNamesAndClefs
FNDA:3,(anonymous_13)
FNDA:20,getInstructionsFromKeyField
FNDA:14,groupVoices
FNDA:30,(anonymous_16)
FNDA:6,(anonymous_17)
FNDA:40,getVoiceName
FNDA:13,transposeVoices
FNDA:16,(anonymous_20)
FNDA:39,(anonymous_21)
FNDA:79,resetAccidentals
FNDA:56,transposeVoiceLine
FNDA:292,(anonymous_24)
FNDA:14,checkForNewClefAndUpdateState
FNDA:7,handleKeyChange
DA:7,21
DA:8,21
DA:9,21
DA:10,21
DA:11,21
DA:12,21
DA:14,21
DA:18,12
DA:20,12
DA:21,12
DA:24,12
DA:26,12
DA:31,12
DA:32,12
DA:35,12
DA:37,12
DA:38,12
DA:39,12
DA:40,13
DA:41,13
DA:42,27
DA:45,12
DA:46,15
DA:48,12
DA:49,27
DA:51,13
DA:52,13
DA:54,12
DA:55,12
DA:56,12
DA:57,1
DA:59,11
DA:61,12
DA:62,12
DA:63,12
DA:67,22
DA:68,20
DA:69,19
DA:71,18
DA:73,17
DA:74,1
DA:76,16
DA:79,1
DA:81,15
DA:82,15
DA:84,15
DA:85,1
DA:88,14
DA:93,1
DA:94,13
DA:98,15
DA:99,15
DA:100,2
DA:102,13
DA:103,13
DA:104,13
DA:106,13
DA:110,31
DA:111,31
DA:112,31
DA:113,28
DA:114,28
DA:116,23
DA:118,23
DA:119,23
DA:120,5
DA:124,31
DA:131,40
DA:132,6
DA:135,34
DA:136,34
DA:137,34
DA:138,2
DA:139,32
DA:140,2
DA:141,30
DA:142,2
DA:143,28
DA:144,2
DA:145,26
DA:146,5
DA:147,21
DA:148,2
DA:149,19
DA:150,2
DA:152,34
DA:153,109
DA:154,128
DA:157,34
DA:158,35
DA:159,33
DA:163,38
DA:164,38
DA:166,15
DA:167,15
DA:172,15
DA:173,15
DA:175,2
DA:176,2
DA:177,3
DA:178,3
DA:179,3
DA:180,2
DA:183,2
DA:188,20
DA:189,20
DA:190,4
DA:194,14
DA:195,14
DA:196,14
DA:197,14
DA:198,30
DA:199,6
DA:200,28
DA:202,14
DA:203,14
DA:204,34
DA:205,34
DA:206,34
DA:207,34
DA:208,34
DA:213,14
DA:217,40
DA:218,40
DA:219,8
DA:220,8
DA:221,8
DA:226,13
DA:227,13
DA:229,16
DA:238,16
DA:240,16
DA:241,39
DA:242,39
DA:243,39
DA:249,13
DA:254,79
DA:255,20
DA:256,20
DA:259,59
DA:260,59
DA:268,56
DA:269,41
DA:271,38
DA:272,292
DA:273,3
DA:274,289
DA:275,13
DA:276,7
DA:277,7
DA:278,6
DA:279,5
DA:280,5
DA:281,1
DA:282,276
DA:283,55
DA:284,55
DA:285,221
DA:286,44
DA:287,177
DA:288,36
DA:290,141
DA:296,14
DA:297,14
DA:298,6
DA:303,7
DA:304,7
DA:305,7
DA:306,7
DA:307,7
DA:310,7
DA:311,6
DA:313,7
DA:314,7
DA:315,7
DA:318,21
DA:319,21
DA:320,21
DA:321,21
DA:322,21
DA:323,21
DA:324,21
DA:325,21
DA:326,21
DA:327,21
DA:328,21
DA:329,21
DA:330,21
DA:331,21
DA:332,21
LF:190
LH:190
BRDA:14,0,0,3
BRDA:31,1,0,12
BRDA:31,1,1,12
BRDA:49,2,0,27
BRDA:49,2,1,13
BRDA:56,3,0,1
BRDA:56,3,1,11
BRDA:67,4,0,2
BRDA:67,4,1,20
BRDA:68,5,0,1
BRDA:68,5,1,19
BRDA:69,6,0,1
BRDA:69,6,1,18
BRDA:71,7,0,1
BRDA:71,7,1,17
BRDA:73,8,0,1
BRDA:73,8,1,16
BRDA:73,9,0,17
BRDA:73,9,1,16
BRDA:76,10,0,1
BRDA:76,10,1,15
BRDA:77,11,0,16
BRDA:77,11,1,15
BRDA:81,12,0,14
BRDA:81,12,1,1
BRDA:82,13,0,14
BRDA:82,13,1,1
BRDA:84,14,0,1
BRDA:84,14,1,14
BRDA:84,15,0,15
BRDA:84,15,1,14
BRDA:88,16,0,1
BRDA:88,16,1,13
BRDA:89,17,0,14
BRDA:89,17,1,14
BRDA:89,17,2,13
BRDA:89,17,3,13
BRDA:99,18,0,2
BRDA:99,18,1,13
BRDA:99,19,0,15
BRDA:99,19,1,14
BRDA:112,20,0,28
BRDA:112,20,1,3
BRDA:114,21,0,23
BRDA:114,21,1,5
BRDA:114,22,0,28
BRDA:114,22,1,26
BRDA:114,22,2,24
BRDA:119,23,0,5
BRDA:119,23,1,18
BRDA:119,24,0,23
BRDA:119,24,1,17
BRDA:131,25,0,6
BRDA:131,25,1,34
BRDA:131,26,0,40
BRDA:131,26,1,38
BRDA:131,26,2,37
BRDA:131,26,3,36
BRDA:137,27,0,2
BRDA:137,27,1,32
BRDA:139,28,0,2
BRDA:139,28,1,30
BRDA:141,29,0,2
BRDA:141,29,1,28
BRDA:143,30,0,2
BRDA:143,30,1,26
BRDA:145,31,0,5
BRDA:145,31,1,21
BRDA:147,32,0,2
BRDA:147,32,1,19
BRDA:149,33,0,2
BRDA:149,33,1,17
BRDA:157,34,0,1
BRDA:157,34,1,33
BRDA:164,35,0,23
BRDA:164,35,1,15
BRDA:173,36,0,13
BRDA:173,36,1,2
BRDA:179,37,0,2
BRDA:179,37,1,1
BRDA:179,38,0,3
BRDA:179,38,1,3
BRDA:189,39,0,16
BRDA:189,39,1,4
BRDA:198,40,0,2
BRDA:198,40,1,28
BRDA:206,41,0,3
BRDA:206,41,1,31
BRDA:207,42,0,16
BRDA:207,42,1,18
BRDA:218,43,0,32
BRDA:218,43,1,8
BRDA:235,44,0,16
BRDA:235,44,1,15
BRDA:254,45,0,20
BRDA:254,45,1,59
BRDA:254,46,0,79
BRDA:254,46,1,72
BRDA:254,46,2,66
BRDA:254,46,3,59
BRDA:268,47,0,15
BRDA:268,47,1,41
BRDA:269,48,0,3
BRDA:269,48,1,38
BRDA:269,49,0,41
BRDA:269,49,1,40
BRDA:272,50,0,3
BRDA:272,50,1,289
BRDA:274,51,0,13
BRDA:274,51,1,276
BRDA:275,52,0,7
BRDA:275,52,1,6
BRDA:275,53,0,13
BRDA:275,53,1,10
BRDA:278,54,0,5
BRDA:278,54,1,1
BRDA:278,55,0,6
BRDA:278,55,1,6
BRDA:282,56,0,55
BRDA:282,56,1,221
BRDA:285,57,0,44
BRDA:285,57,1,177
BRDA:285,58,0,221
BRDA:285,58,1,187
BRDA:285,58,2,187
BRDA:287,59,0,36
BRDA:287,59,1,141
BRDA:287,60,0,177
BRDA:287,60,1,152
BRDA:297,61,0,6
BRDA:297,61,1,8
BRDA:310,62,0,1
BRDA:310,62,1,6
BRDA:314,63,0,6
BRDA:314,63,1,1
BRF:135
BRH:135
end_of_record
TN:
SF:functions\transpose-key.js
FN:11,(anonymous_0)
FN:32,(anonymous_1)
FN:33,(anonymous_2)
FN:37,(anonymous_3)
FNF:4
FNH:4
FNDA:75,(anonymous_0)
FNDA:379,(anonymous_1)
FNDA:455,(anonymous_2)
FNDA:77,(anonymous_3)
DA:7,22
DA:8,22
DA:11,22
DA:13,75
DA:15,71
DA:16,71
DA:17,71
DA:18,1
DA:19,70
DA:20,1
DA:21,69
DA:22,1
DA:23,68
DA:24,1
DA:25,67
DA:26,3
DA:27,64
DA:28,1
DA:29,63
DA:30,1
DA:32,71
DA:33,379
DA:34,455
DA:37,71
DA:38,77
DA:40,71
DA:43,71
DA:44,38
DA:47,33
DA:48,15
DA:49,5
DA:51,10
DA:52,2
DA:54,8
DA:57,4
DA:60,4
DA:64,18
DA:65,15
DA:68,6
DA:69,6
DA:70,0
DA:73,9
DA:74,0
DA:75,9
DA:78,3
DA:79,1
DA:81,2
DA:82,2
DA:84,0
DA:87,0
DA:88,0
DA:89,0
DA:92,0
DA:93,0
DA:94,0
DA:97,71
LF:56
LH:47
BRDA:13,0,0,4
BRDA:13,0,1,71
BRDA:13,1,0,75
BRDA:13,1,1,74
BRDA:13,1,2,74
BRDA:13,1,3,73
BRDA:17,2,0,1
BRDA:17,2,1,70
BRDA:19,3,0,1
BRDA:19,3,1,69
BRDA:21,4,0,1
BRDA:21,4,1,68
BRDA:23,5,0,1
BRDA:23,5,1,67
BRDA:25,6,0,3
BRDA:25,6,1,64
BRDA:27,7,0,1
BRDA:27,7,1,63
BRDA:29,8,0,1
BRDA:29,8,1,62
BRDA:43,9,0,38
BRDA:43,9,1,33
BRDA:47,10,0,15
BRDA:47,10,1,18
BRDA:48,11,0,5
BRDA:48,11,1,10
BRDA:51,12,0,2
BRDA:51,12,1,8
BRDA:54,13,0,4
BRDA:54,13,1,4
BRDA:54,14,0,8
BRDA:54,14,1,6
BRDA:54,14,2,4
BRDA:64,15,0,15
BRDA:64,15,1,3
BRDA:65,16,0,6
BRDA:65,16,1,9
BRDA:65,17,0,15
BRDA:65,17,1,10
BRDA:65,17,2,4
BRDA:68,18,0,6
BRDA:68,18,1,0
BRDA:73,19,0,0
BRDA:73,19,1,9
BRDA:78,20,0,1
BRDA:78,20,1,2
BRDA:81,21,0,2
BRDA:81,21,1,0
BRDA:84,22,0,0
BRDA:84,22,1,0
BRDA:84,23,0,0
BRDA:84,23,1,0
BRDA:84,23,2,0
BRDA:87,24,0,0
BRDA:87,24,1,0
BRDA:92,25,0,0
BRDA:92,25,1,0
BRF:57
BRH:45
end_of_record
TN:
SF:functions\transpose-pitch-by-key.js
FN:10,(anonymous_0)
FN:40,getScaleDegreeFromPitchLetter
FN:45,(anonymous_2)
FN:55,getPitchLetterFromScaleDegree
FN:61,(anonymous_4)
FN:72,getDeviationFromKeySignature
FN:121,applyDeviation
FN:153,transposePitchChromatically
FN:155,(anonymous_8)
FN:175,(anonymous_9)
FN:177,(anonymous_10)
FN:178,(anonymous_11)
FNF:12
FNH:7
FNDA:143,(anonymous_0)
FNDA:143,getScaleDegreeFromPitchLetter
FNDA:529,(anonymous_2)
FNDA:143,getPitchLetterFromScaleDegree
FNDA:602,(anonymous_4)
FNDA:143,getDeviationFromKeySignature
FNDA:143,applyDeviation
FNDA:0,transposePitchChromatically
FNDA:0,(anonymous_8)
FNDA:0,(anonymous_9)
FNDA:0,(anonymous_10)
FNDA:0,(anonymous_11)
DA:1,22
DA:8,22
DA:10,22
DA:15,143
DA:17,143
DA:18,143
DA:19,143
DA:21,143
DA:23,143
DA:25,143
DA:27,143
DA:29,9
DA:31,143
DA:32,143
DA:34,143
DA:35,143
DA:36,143
DA:41,143
DA:42,0
DA:44,143
DA:45,529
DA:46,143
DA:47,143
DA:48,1001
DA:50,143
DA:56,143
DA:57,0
DA:59,143
DA:60,143
DA:61,602
DA:62,143
DA:63,143
DA:64,1001
DA:66,143
DA:73,143
DA:74,143
DA:75,143
DA:76,143
DA:77,143
DA:79,108
DA:81,0
DA:83,4
DA:85,100
DA:87,4
DA:89,0
DA:92,22
DA:94,0
DA:96,21
DA:98,1
DA:100,0
DA:102,0
DA:105,13
DA:107,0
DA:109,0
DA:111,0
DA:113,13
DA:115,0
DA:122,143
DA:123,143
DA:125,143
DA:126,9
DA:127,5
DA:128,4
DA:129,2
DA:130,4
DA:131,4
DA:132,4
DA:133,2
DA:134,0
DA:135,0
DA:136,0
DA:137,0
DA:138,0
DA:139,0
DA:140,0
DA:141,0
DA:142,0
DA:145,143
DA:147,9
DA:148,9
DA:150,143
DA:154,0
DA:155,0
DA:156,0
DA:158,0
DA:162,0
DA:163,0
DA:164,0
DA:165,0
DA:166,0
DA:167,0
DA:168,0
DA:169,0
DA:172,0
DA:175,0
DA:176,0
DA:177,0
DA:178,0
DA:180,0
DA:181,0
DA:182,0
DA:183,0
DA:185,0
DA:188,22
DA:189,22
LF:105
LH:63
BRDA:27,0,0,134
BRDA:27,0,1,9
BRDA:35,1,0,9
BRDA:35,1,1,134
BRDA:41,2,0,0
BRDA:41,2,1,143
BRDA:41,3,0,143
BRDA:41,3,1,143
BRDA:56,4,0,0
BRDA:56,4,1,143
BRDA:56,5,0,143
BRDA:56,5,1,143
BRDA:56,5,2,143
BRDA:59,6,0,0
BRDA:59,6,1,143
BRDA:73,7,0,0
BRDA:73,7,1,143
BRDA:74,8,0,0
BRDA:74,8,1,143
BRDA:76,9,0,0
BRDA:76,9,1,143
BRDA:77,10,0,108
BRDA:77,10,1,22
BRDA:77,10,2,13
BRDA:79,11,0,0
BRDA:79,11,1,4
BRDA:79,11,2,100
BRDA:79,11,3,4
BRDA:79,11,4,0
BRDA:92,12,0,0
BRDA:92,12,1,21
BRDA:92,12,2,1
BRDA:92,12,3,0
BRDA:92,12,4,0
BRDA:105,13,0,0
BRDA:105,13,1,0
BRDA:105,13,2,0
BRDA:105,13,3,13
BRDA:105,13,4,0
BRDA:125,14,0,134
BRDA:125,14,1,9
BRDA:126,15,0,5
BRDA:126,15,1,4
BRDA:127,16,0,1
BRDA:127,16,1,4
BRDA:128,17,0,2
BRDA:128,17,1,2
BRDA:130,18,0,4
BRDA:130,18,1,0
BRDA:131,19,0,0
BRDA:131,19,1,4
BRDA:132,20,0,2
BRDA:132,20,1,2
BRDA:134,21,0,0
BRDA:134,21,1,0
BRDA:135,22,0,0
BRDA:135,22,1,0
BRDA:136,23,0,0
BRDA:136,23,1,0
BRDA:138,24,0,0
BRDA:138,24,1,0
BRDA:139,25,0,0
BRDA:139,25,1,0
BRDA:140,26,0,0
BRDA:140,26,1,0
BRDA:145,27,0,134
BRDA:145,27,1,9
BRDA:165,28,0,0
BRDA:165,28,1,0
BRDA:172,29,0,0
BRDA:172,29,1,0
BRDA:176,30,0,0
BRDA:176,30,1,0
BRDA:177,31,0,0
BRDA:177,31,1,0
BRF:75
BRH:38
end_of_record
TN:
SF:functions\transposition-utils.js
FN:4,getPitchLetter
FN:11,getAccidental
FN:19,getStoredAccidental
FN:26,updateStoredAccidentals
FN:30,getTransposedPitchAtOctave
FN:35,countOctaveModifiers
FN:62,applyOctaveModifiers
FNF:7
FNH:7
FNDA:742,getPitchLetter
FNDA:238,getAccidental
FNDA:208,getStoredAccidental
FNDA:54,updateStoredAccidentals
FNDA:204,getTransposedPitchAtOctave
FNDA:214,countOctaveModifiers
FNDA:219,applyOctaveModifiers
DA:1,30
DA:5,742
DA:6,742
DA:7,741
DA:12,238
DA:13,238
DA:14,80
DA:20,208
DA:21,208
DA:22,207
DA:27,54
DA:31,204
DA:32,204
DA:37,214
DA:38,214
DA:39,19
DA:40,6
DA:41,6
DA:44,13
DA:45,13
DA:48,214
DA:50,214
DA:51,214
DA:52,13
DA:53,201
DA:54,20
DA:55,181
DA:56,57
DA:57,54
DA:59,214
DA:63,219
DA:65,219
DA:71,219
DA:72,60
DA:73,22
DA:74,6
DA:75,6
DA:76,16
DA:77,9
DA:78,9
DA:80,7
DA:81,7
DA:84,38
DA:85,6
DA:86,6
DA:87,32
DA:88,25
DA:89,25
DA:91,7
DA:92,7
DA:96,219
DA:97,73
DA:98,219
DA:99,219
DA:100,219
DA:103,30
DA:104,30
DA:105,30
DA:106,30
DA:107,30
DA:108,30
DA:109,30
LF:62
LH:62
BRDA:6,0,0,1
BRDA:6,0,1,741
BRDA:13,1,0,158
BRDA:13,1,1,80
BRDA:21,2,0,1
BRDA:21,2,1,207
BRDA:39,3,0,6
BRDA:39,3,1,13
BRDA:51,4,0,13
BRDA:51,4,1,201
BRDA:51,5,0,214
BRDA:51,5,1,56
BRDA:53,6,0,20
BRDA:53,6,1,181
BRDA:53,7,0,201
BRDA:53,7,1,101
BRDA:55,8,0,57
BRDA:55,8,1,124
BRDA:56,9,0,3
BRDA:56,9,1,54
BRDA:56,10,0,57
BRDA:56,10,1,10
BRDA:57,11,0,3
BRDA:57,11,1,51
BRDA:57,12,0,54
BRDA:57,12,1,10
BRDA:66,13,0,10
BRDA:66,13,1,209
BRDA:67,14,0,162
BRDA:67,14,1,57
BRDA:68,15,0,8
BRDA:68,15,1,211
BRDA:72,16,0,22
BRDA:72,16,1,38
BRDA:73,17,0,6
BRDA:73,17,1,16
BRDA:76,18,0,9
BRDA:76,18,1,7
BRDA:84,19,0,6
BRDA:84,19,1,32
BRDA:87,20,0,25
BRDA:87,20,1,7
BRDA:96,21,0,146
BRDA:96,21,1,73
BRF:44
BRH:44
end_of_record
